{"/home/user/repos/visual-regresion/framework/visual/ui/src/components/AppHeader.vue": {"path":"/home/user/repos/visual-regresion/framework/visual/ui/src/components/AppHeader.vue","statementMap":{"0":{"start":{"line":77,"column":15},"end":{"line":119,"column":1}},"1":{"start":{"line":80,"column":30},"end":{"line":80,"column":37}},"2":{"start":{"line":82,"column":27},"end":{"line":94,"column":5}},"3":{"start":{"line":83,"column":18},"end":{"line":83,"column":28}},"4":{"start":{"line":84,"column":22},"end":{"line":92,"column":7}},"5":{"start":{"line":93,"column":6},"end":{"line":93,"column":null}},"6":{"start":{"line":96,"column":21},"end":{"line":96,"column":25}},"7":{"start":{"line":98,"column":4},"end":{"line":101,"column":null}},"8":{"start":{"line":99,"column":6},"end":{"line":99,"column":null}},"9":{"start":{"line":100,"column":6},"end":{"line":100,"column":null}},"10":{"start":{"line":103,"column":4},"end":{"line":107,"column":null}},"11":{"start":{"line":104,"column":6},"end":{"line":106,"column":null}},"12":{"start":{"line":105,"column":8},"end":{"line":105,"column":null}},"13":{"start":{"line":109,"column":4},"end":{"line":117,"column":null}},"14":{"start":{"line":113,"column":36},"end":{"line":113,"column":63}},"15":{"start":{"line":2,"column":10},"end":{"line":2,"column":null}},"16":{"start":{"line":3,"column":9},"end":{"line":3,"column":null}},"17":{"start":{"line":4,"column":11},"end":{"line":4,"column":null}},"18":{"start":{"line":5,"column":13},"end":{"line":5,"column":null}},"19":{"start":{"line":16,"column":18},"end":{"line":16,"column":40}},"20":{"start":{"line":18,"column":14},"end":{"line":18,"column":null}},"21":{"start":{"line":65,"column":11},"end":{"line":65,"column":null}},"22":{"start":{"line":2,"column":2},"end":{"line":66,"column":null}},"23":{"start":{"line":19,"column":12},"end":{"line":30,"column":46}},"24":{"start":{"line":24,"column":24},"end":{"line":24,"column":null}},"25":{"start":{"line":40,"column":20},"end":{"line":40,"column":null}},"26":{"start":{"line":49,"column":20},"end":{"line":49,"column":null}},"27":{"start":{"line":58,"column":20},"end":{"line":58,"column":null}}},"fnMap":{"0":{"name":"(anonymous_0)","decl":{"start":{"line":79,"column":2},"end":{"line":79,"column":3}},"loc":{"start":{"line":79,"column":10},"end":{"line":118,"column":3}}},"1":{"name":"(anonymous_1)","decl":{"start":{"line":82,"column":27},"end":{"line":82,"column":28}},"loc":{"start":{"line":82,"column":33},"end":{"line":94,"column":5}}},"2":{"name":"(anonymous_2)","decl":{"start":{"line":98,"column":14},"end":{"line":98,"column":15}},"loc":{"start":{"line":98,"column":20},"end":{"line":101,"column":5}}},"3":{"name":"(anonymous_3)","decl":{"start":{"line":103,"column":16},"end":{"line":103,"column":17}},"loc":{"start":{"line":103,"column":22},"end":{"line":107,"column":5}}},"4":{"name":"(anonymous_4)","decl":{"start":{"line":113,"column":30},"end":{"line":113,"column":31}},"loc":{"start":{"line":113,"column":36},"end":{"line":113,"column":63}}},"5":{"name":"(anonymous_6)","decl":{"start":{"line":19,"column":47},"end":{"line":19,"column":50}},"loc":{"start":{"line":19,"column":35},"end":{"line":30,"column":46}}},"6":{"name":"(anonymous_7)","decl":{"start":{"line":24,"column":22},"end":{"line":24,"column":24}},"loc":{"start":{"line":24,"column":24},"end":{"line":24,"column":null}}},"7":{"name":"(anonymous_8)","decl":{"start":{"line":40,"column":18},"end":{"line":40,"column":20}},"loc":{"start":{"line":40,"column":20},"end":{"line":40,"column":null}}},"8":{"name":"(anonymous_9)","decl":{"start":{"line":49,"column":18},"end":{"line":49,"column":20}},"loc":{"start":{"line":49,"column":20},"end":{"line":49,"column":null}}},"9":{"name":"(anonymous_10)","decl":{"start":{"line":58,"column":18},"end":{"line":58,"column":20}},"loc":{"start":{"line":58,"column":20},"end":{"line":58,"column":null}}}},"branchMap":{"0":{"loc":{"start":{"line":104,"column":6},"end":{"line":106,"column":null}},"type":"if","locations":[{"start":{"line":104,"column":6},"end":{"line":106,"column":null}},{"start":{},"end":{}}]},"1":{"loc":{"start":{"line":39,"column":20},"end":{"line":39,"column":null}},"type":"cond-expr","locations":[{"start":{"line":39,"column":26},"end":{"line":39,"column":null}},{"start":{"line":39,"column":26},"end":{"line":39,"column":null}}]},"2":{"loc":{"start":{"line":40,"column":18},"end":{"line":40,"column":null}},"type":"binary-expr","locations":[{"start":{"line":40,"column":18},"end":{"line":40,"column":20}},{"start":{"line":40,"column":18},"end":{"line":40,"column":null}}]},"3":{"loc":{"start":{"line":48,"column":20},"end":{"line":48,"column":null}},"type":"cond-expr","locations":[{"start":{"line":48,"column":26},"end":{"line":48,"column":null}},{"start":{"line":48,"column":26},"end":{"line":48,"column":null}}]},"4":{"loc":{"start":{"line":49,"column":18},"end":{"line":49,"column":null}},"type":"binary-expr","locations":[{"start":{"line":49,"column":18},"end":{"line":49,"column":20}},{"start":{"line":49,"column":18},"end":{"line":49,"column":null}}]},"5":{"loc":{"start":{"line":57,"column":20},"end":{"line":57,"column":null}},"type":"cond-expr","locations":[{"start":{"line":57,"column":26},"end":{"line":57,"column":null}},{"start":{"line":57,"column":26},"end":{"line":57,"column":null}}]},"6":{"loc":{"start":{"line":58,"column":18},"end":{"line":58,"column":null}},"type":"binary-expr","locations":[{"start":{"line":58,"column":18},"end":{"line":58,"column":20}},{"start":{"line":58,"column":18},"end":{"line":58,"column":null}}]}},"s":{"0":4,"1":50,"2":50,"3":50,"4":50,"5":50,"6":50,"7":50,"8":50,"9":50,"10":50,"11":46,"12":46,"13":50,"14":50,"15":4,"16":4,"17":4,"18":4,"19":4,"20":4,"21":4,"22":100,"23":800,"24":0,"25":2,"26":0,"27":0},"f":{"0":50,"1":50,"2":50,"3":46,"4":50,"5":800,"6":0,"7":2,"8":0,"9":0},"b":{"0":[46,0],"1":[100,0],"2":[100,50],"3":[0,100],"4":[100,50],"5":[0,100],"6":[100,50]}}
,"/home/user/repos/visual-regresion/framework/visual/ui/src/components/ConfirmPrompt.vue": {"path":"/home/user/repos/visual-regresion/framework/visual/ui/src/components/ConfirmPrompt.vue","statementMap":{"0":{"start":{"line":3,"column":9},"end":{"line":3,"column":null}},"1":{"start":{"line":4,"column":11},"end":{"line":4,"column":42}},"2":{"start":{"line":5,"column":11},"end":{"line":5,"column":41}},"3":{"start":{"line":6,"column":11},"end":{"line":6,"column":42}},"4":{"start":{"line":2,"column":13},"end":{"line":6,"column":111}}},"fnMap":{},"branchMap":{"0":{"loc":{"start":{"line":2,"column":13},"end":{"line":6,"column":111}},"type":"cond-expr","locations":[{"start":{"line":2,"column":2},"end":{"line":6,"column":111}}]},"1":{"loc":{"start":{"line":2,"column":13},"end":{"line":2,"column":47}},"type":"binary-expr","locations":[{"start":{"line":2,"column":13},"end":{"line":2,"column":19}},{"start":{"line":2,"column":23},"end":{"line":2,"column":47}}]}},"s":{"0":2,"1":2,"2":2,"3":2,"4":42},"f":{},"b":{"0":[0],"1":[42,0]}}
,"/home/user/repos/visual-regresion/framework/visual/ui/src/components/FiltersPanel.vue": {"path":"/home/user/repos/visual-regresion/framework/visual/ui/src/components/FiltersPanel.vue","statementMap":{"0":{"start":{"line":70,"column":14},"end":{"line":70,"column":31}},"1":{"start":{"line":72,"column":21},"end":{"line":72,"column":53}},"2":{"start":{"line":72,"column":36},"end":{"line":72,"column":52}},"3":{"start":{"line":73,"column":21},"end":{"line":73,"column":51}},"4":{"start":{"line":73,"column":36},"end":{"line":73,"column":50}},"5":{"start":{"line":74,"column":23},"end":{"line":74,"column":55}},"6":{"start":{"line":74,"column":38},"end":{"line":74,"column":54}},"7":{"start":{"line":75,"column":22},"end":{"line":75,"column":53}},"8":{"start":{"line":75,"column":37},"end":{"line":75,"column":52}},"9":{"start":{"line":3,"column":9},"end":{"line":3,"column":null}},"10":{"start":{"line":4,"column":11},"end":{"line":4,"column":null}},"11":{"start":{"line":5,"column":13},"end":{"line":5,"column":null}},"12":{"start":{"line":6,"column":17},"end":{"line":6,"column":39}},"13":{"start":{"line":15,"column":13},"end":{"line":15,"column":null}},"14":{"start":{"line":16,"column":17},"end":{"line":16,"column":39}},"15":{"start":{"line":18,"column":20},"end":{"line":18,"column":32}},"16":{"start":{"line":19,"column":20},"end":{"line":19,"column":38}},"17":{"start":{"line":20,"column":20},"end":{"line":20,"column":38}},"18":{"start":{"line":21,"column":20},"end":{"line":21,"column":41}},"19":{"start":{"line":22,"column":20},"end":{"line":22,"column":39}},"20":{"start":{"line":23,"column":20},"end":{"line":23,"column":41}},"21":{"start":{"line":27,"column":13},"end":{"line":27,"column":null}},"22":{"start":{"line":28,"column":17},"end":{"line":28,"column":39}},"23":{"start":{"line":30,"column":20},"end":{"line":30,"column":32}},"24":{"start":{"line":35,"column":13},"end":{"line":35,"column":null}},"25":{"start":{"line":36,"column":17},"end":{"line":36,"column":39}},"26":{"start":{"line":38,"column":20},"end":{"line":38,"column":32}},"27":{"start":{"line":43,"column":13},"end":{"line":43,"column":null}},"28":{"start":{"line":44,"column":17},"end":{"line":44,"column":39}},"29":{"start":{"line":46,"column":20},"end":{"line":46,"column":43}},"30":{"start":{"line":47,"column":20},"end":{"line":47,"column":38}},"31":{"start":{"line":48,"column":20},"end":{"line":48,"column":51}},"32":{"start":{"line":49,"column":20},"end":{"line":49,"column":37}},"33":{"start":{"line":50,"column":20},"end":{"line":50,"column":37}},"34":{"start":{"line":51,"column":20},"end":{"line":51,"column":36}},"35":{"start":{"line":52,"column":20},"end":{"line":52,"column":36}},"36":{"start":{"line":56,"column":13},"end":{"line":56,"column":null}},"37":{"start":{"line":2,"column":2},"end":{"line":58,"column":126}},"38":{"start":{"line":10,"column":21},"end":{"line":10,"column":null}},"39":{"start":{"line":17,"column":96},"end":{"line":17,"column":null}},"40":{"start":{"line":29,"column":98},"end":{"line":29,"column":null}},"41":{"start":{"line":31,"column":12},"end":{"line":31,"column":89}},"42":{"start":{"line":37,"column":97},"end":{"line":37,"column":null}},"43":{"start":{"line":39,"column":12},"end":{"line":39,"column":108}},"44":{"start":{"line":45,"column":47},"end":{"line":45,"column":null}},"45":{"start":{"line":58,"column":66},"end":{"line":58,"column":91}}},"fnMap":{"0":{"name":"(anonymous_1)","decl":{"start":{"line":72,"column":30},"end":{"line":72,"column":31}},"loc":{"start":{"line":72,"column":36},"end":{"line":72,"column":52}}},"1":{"name":"(anonymous_2)","decl":{"start":{"line":73,"column":30},"end":{"line":73,"column":31}},"loc":{"start":{"line":73,"column":36},"end":{"line":73,"column":50}}},"2":{"name":"(anonymous_3)","decl":{"start":{"line":74,"column":32},"end":{"line":74,"column":33}},"loc":{"start":{"line":74,"column":38},"end":{"line":74,"column":54}}},"3":{"name":"(anonymous_4)","decl":{"start":{"line":75,"column":31},"end":{"line":75,"column":32}},"loc":{"start":{"line":75,"column":37},"end":{"line":75,"column":52}}},"4":{"name":"(anonymous_8)","decl":{"start":{"line":10,"column":21},"end":{"line":10,"column":26}},"loc":{"start":{"line":10,"column":21},"end":{"line":10,"column":null}}},"5":{"name":"(anonymous_9)","decl":{"start":{"line":17,"column":96},"end":{"line":17,"column":101}},"loc":{"start":{"line":17,"column":96},"end":{"line":17,"column":null}}},"6":{"name":"(anonymous_10)","decl":{"start":{"line":29,"column":98},"end":{"line":29,"column":103}},"loc":{"start":{"line":29,"column":98},"end":{"line":29,"column":null}}},"7":{"name":"(anonymous_11)","decl":{"start":{"line":31,"column":48},"end":{"line":31,"column":51}},"loc":{"start":{"line":31,"column":29},"end":{"line":31,"column":89}}},"8":{"name":"(anonymous_12)","decl":{"start":{"line":37,"column":97},"end":{"line":37,"column":102}},"loc":{"start":{"line":37,"column":97},"end":{"line":37,"column":null}}},"9":{"name":"(anonymous_13)","decl":{"start":{"line":39,"column":52},"end":{"line":39,"column":55}},"loc":{"start":{"line":39,"column":34},"end":{"line":39,"column":108}}},"10":{"name":"(anonymous_14)","decl":{"start":{"line":45,"column":47},"end":{"line":45,"column":52}},"loc":{"start":{"line":45,"column":47},"end":{"line":45,"column":null}}},"11":{"name":"(anonymous_15)","decl":{"start":{"line":58,"column":64},"end":{"line":58,"column":66}},"loc":{"start":{"line":58,"column":66},"end":{"line":58,"column":91}}}},"branchMap":{"0":{"loc":{"start":{"line":10,"column":21},"end":{"line":10,"column":null}},"type":"binary-expr","locations":[{"start":{"line":10,"column":21},"end":{"line":10,"column":26}},{"start":{"line":10,"column":21},"end":{"line":10,"column":null}}]},"1":{"loc":{"start":{"line":17,"column":96},"end":{"line":17,"column":null}},"type":"binary-expr","locations":[{"start":{"line":17,"column":96},"end":{"line":17,"column":101}},{"start":{"line":17,"column":96},"end":{"line":17,"column":null}}]},"2":{"loc":{"start":{"line":29,"column":98},"end":{"line":29,"column":null}},"type":"binary-expr","locations":[{"start":{"line":29,"column":98},"end":{"line":29,"column":103}},{"start":{"line":29,"column":98},"end":{"line":29,"column":null}}]},"3":{"loc":{"start":{"line":37,"column":97},"end":{"line":37,"column":null}},"type":"binary-expr","locations":[{"start":{"line":37,"column":97},"end":{"line":37,"column":102}},{"start":{"line":37,"column":97},"end":{"line":37,"column":null}}]},"4":{"loc":{"start":{"line":45,"column":47},"end":{"line":45,"column":null}},"type":"binary-expr","locations":[{"start":{"line":45,"column":47},"end":{"line":45,"column":52}},{"start":{"line":45,"column":47},"end":{"line":45,"column":null}}]},"5":{"loc":{"start":{"line":57,"column":10},"end":{"line":57,"column":50}},"type":"binary-expr","locations":[{"start":{"line":57,"column":10},"end":{"line":57,"column":17}},{"start":{"line":57,"column":10},"end":{"line":57,"column":50}}]},"6":{"loc":{"start":{"line":58,"column":64},"end":{"line":58,"column":91}},"type":"binary-expr","locations":[{"start":{"line":58,"column":64},"end":{"line":58,"column":66}},{"start":{"line":58,"column":64},"end":{"line":58,"column":91}}]}},"s":{"0":42,"1":42,"2":42,"3":42,"4":42,"5":42,"6":42,"7":42,"8":42,"9":2,"10":2,"11":2,"12":2,"13":2,"14":2,"15":2,"16":2,"17":2,"18":2,"19":2,"20":2,"21":2,"22":2,"23":2,"24":2,"25":2,"26":2,"27":2,"28":2,"29":2,"30":2,"31":2,"32":2,"33":2,"34":2,"35":2,"36":2,"37":84,"38":0,"39":0,"40":0,"41":38,"42":0,"43":38,"44":0,"45":0},"f":{"0":42,"1":42,"2":42,"3":42,"4":0,"5":0,"6":0,"7":38,"8":0,"9":38,"10":0,"11":0},"b":{"0":[84,42],"1":[84,42],"2":[84,42],"3":[84,42],"4":[84,42],"5":[84,42],"6":[84,42]}}
,"/home/user/repos/visual-regresion/framework/visual/ui/src/components/ReportHeader.vue": {"path":"/home/user/repos/visual-regresion/framework/visual/ui/src/components/ReportHeader.vue","statementMap":{"0":{"start":{"line":2,"column":11},"end":{"line":2,"column":null}},"1":{"start":{"line":3,"column":9},"end":{"line":3,"column":null}},"2":{"start":{"line":5,"column":12},"end":{"line":5,"column":28}},"3":{"start":{"line":6,"column":13},"end":{"line":6,"column":41}},"4":{"start":{"line":6,"column":67},"end":{"line":6,"column":83}},"5":{"start":{"line":8,"column":13},"end":{"line":8,"column":null}},"6":{"start":{"line":17,"column":15},"end":{"line":17,"column":48}},"7":{"start":{"line":2,"column":2},"end":{"line":17,"column":74}},"8":{"start":{"line":10,"column":132},"end":{"line":10,"column":157}},"9":{"start":{"line":13,"column":144},"end":{"line":13,"column":167}}},"fnMap":{"0":{"name":"(anonymous_3)","decl":{"start":{"line":10,"column":130},"end":{"line":10,"column":132}},"loc":{"start":{"line":10,"column":132},"end":{"line":10,"column":157}}},"1":{"name":"(anonymous_4)","decl":{"start":{"line":13,"column":142},"end":{"line":13,"column":144}},"loc":{"start":{"line":13,"column":144},"end":{"line":13,"column":167}}}},"branchMap":{"0":{"loc":{"start":{"line":6,"column":83},"end":{"line":6,"column":111}},"type":"binary-expr","locations":[{"start":{"line":6,"column":83},"end":{"line":6,"column":88}},{"start":{"line":6,"column":88},"end":{"line":6,"column":111}}]},"1":{"loc":{"start":{"line":10,"column":130},"end":{"line":10,"column":157}},"type":"binary-expr","locations":[{"start":{"line":10,"column":130},"end":{"line":10,"column":132}},{"start":{"line":10,"column":130},"end":{"line":10,"column":157}}]},"2":{"loc":{"start":{"line":13,"column":85},"end":{"line":13,"column":132}},"type":"binary-expr","locations":[{"start":{"line":13,"column":85},"end":{"line":13,"column":120}},{"start":{"line":13,"column":120},"end":{"line":13,"column":132}}]},"3":{"loc":{"start":{"line":13,"column":142},"end":{"line":13,"column":167}},"type":"binary-expr","locations":[{"start":{"line":13,"column":142},"end":{"line":13,"column":144}},{"start":{"line":13,"column":142},"end":{"line":13,"column":167}}]},"4":{"loc":{"start":{"line":13,"column":175},"end":{"line":13,"column":null}},"type":"binary-expr","locations":[{"start":{"line":13,"column":175},"end":{"line":13,"column":183}},{"start":{"line":13,"column":188},"end":{"line":13,"column":226}},{"start":{"line":13,"column":215},"end":{"line":13,"column":238}}]}},"s":{"0":2,"1":2,"2":2,"3":2,"4":2,"5":2,"6":2,"7":122,"8":0,"9":0},"f":{"0":0,"1":0},"b":{"0":[122,4],"1":[122,42],"2":[122,122],"3":[122,42],"4":[122,118,118]}}
,"/home/user/repos/visual-regresion/framework/visual/ui/src/components/ResultsTable.vue": {"path":"/home/user/repos/visual-regresion/framework/visual/ui/src/components/ResultsTable.vue","statementMap":{"0":{"start":{"line":103,"column":15},"end":{"line":154,"column":1}},"1":{"start":{"line":108,"column":21},"end":{"line":108,"column":23}},"2":{"start":{"line":116,"column":22},"end":{"line":116,"column":24}},"3":{"start":{"line":120,"column":21},"end":{"line":120,"column":23}},"4":{"start":{"line":130,"column":6},"end":{"line":130,"column":null}},"5":{"start":{"line":133,"column":6},"end":{"line":133,"column":null}},"6":{"start":{"line":136,"column":18},"end":{"line":136,"column":40}},"7":{"start":{"line":137,"column":19},"end":{"line":137,"column":37}},"8":{"start":{"line":138,"column":6},"end":{"line":138,"column":null}},"9":{"start":{"line":141,"column":18},"end":{"line":141,"column":40}},"10":{"start":{"line":142,"column":23},"end":{"line":142,"column":53}},"11":{"start":{"line":143,"column":6},"end":{"line":143,"column":null}},"12":{"start":{"line":146,"column":18},"end":{"line":146,"column":40}},"13":{"start":{"line":147,"column":6},"end":{"line":147,"column":null}},"14":{"start":{"line":147,"column":15},"end":{"line":147,"column":null}},"15":{"start":{"line":148,"column":6},"end":{"line":148,"column":null}},"16":{"start":{"line":151,"column":6},"end":{"line":151,"column":null}},"17":{"start":{"line":2,"column":7},"end":{"line":2,"column":null}},"18":{"start":{"line":3,"column":9},"end":{"line":3,"column":null}},"19":{"start":{"line":4,"column":13},"end":{"line":4,"column":null}},"20":{"start":{"line":5,"column":15},"end":{"line":5,"column":null}},"21":{"start":{"line":8,"column":16},"end":{"line":8,"column":37}},"22":{"start":{"line":9,"column":16},"end":{"line":9,"column":37}},"23":{"start":{"line":10,"column":16},"end":{"line":10,"column":37}},"24":{"start":{"line":11,"column":16},"end":{"line":11,"column":37}},"25":{"start":{"line":14,"column":16},"end":{"line":14,"column":46}},"26":{"start":{"line":22,"column":16},"end":{"line":22,"column":null}},"27":{"start":{"line":23,"column":19},"end":{"line":23,"column":null}},"28":{"start":{"line":40,"column":16},"end":{"line":40,"column":null}},"29":{"start":{"line":45,"column":16},"end":{"line":45,"column":42}},"30":{"start":{"line":46,"column":16},"end":{"line":46,"column":42}},"31":{"start":{"line":47,"column":16},"end":{"line":47,"column":42}},"32":{"start":{"line":48,"column":16},"end":{"line":48,"column":null}},"33":{"start":{"line":49,"column":19},"end":{"line":49,"column":null}},"34":{"start":{"line":68,"column":16},"end":{"line":68,"column":null}},"35":{"start":{"line":69,"column":19},"end":{"line":69,"column":null}},"36":{"start":{"line":77,"column":16},"end":{"line":77,"column":null}},"37":{"start":{"line":2,"column":2},"end":{"line":90,"column":97}},"38":{"start":{"line":18,"column":10},"end":{"line":85,"column":23}},"39":{"start":{"line":20,"column":22},"end":{"line":20,"column":null}},"40":{"start":{"line":21,"column":25},"end":{"line":21,"column":null}},"41":{"start":{"line":60,"column":31},"end":{"line":60,"column":null}},"42":{"start":{"line":82,"column":29},"end":{"line":82,"column":null}}},"fnMap":{"0":{"name":"(anonymous_0)","decl":{"start":{"line":108,"column":15},"end":{"line":108,"column":16}},"loc":{"start":{"line":108,"column":21},"end":{"line":108,"column":23}}},"1":{"name":"(anonymous_1)","decl":{"start":{"line":116,"column":15},"end":{"line":116,"column":16}},"loc":{"start":{"line":116,"column":22},"end":{"line":116,"column":24}}},"2":{"name":"(anonymous_2)","decl":{"start":{"line":120,"column":15},"end":{"line":120,"column":16}},"loc":{"start":{"line":120,"column":21},"end":{"line":120,"column":23}}},"3":{"name":"(anonymous_3)","decl":{"start":{"line":129,"column":4},"end":{"line":129,"column":5}},"loc":{"start":{"line":129,"column":11},"end":{"line":131,"column":5}}},"4":{"name":"(anonymous_4)","decl":{"start":{"line":132,"column":4},"end":{"line":132,"column":5}},"loc":{"start":{"line":132,"column":24},"end":{"line":134,"column":5}}},"5":{"name":"(anonymous_5)","decl":{"start":{"line":135,"column":4},"end":{"line":135,"column":5}},"loc":{"start":{"line":135,"column":24},"end":{"line":139,"column":5}}},"6":{"name":"(anonymous_6)","decl":{"start":{"line":140,"column":4},"end":{"line":140,"column":5}},"loc":{"start":{"line":140,"column":20},"end":{"line":144,"column":5}}},"7":{"name":"(anonymous_7)","decl":{"start":{"line":145,"column":4},"end":{"line":145,"column":5}},"loc":{"start":{"line":145,"column":23},"end":{"line":149,"column":5}}},"8":{"name":"(anonymous_8)","decl":{"start":{"line":150,"column":4},"end":{"line":150,"column":5}},"loc":{"start":{"line":150,"column":28},"end":{"line":152,"column":5}}},"9":{"name":"(anonymous_10)","decl":{"start":{"line":18,"column":39},"end":{"line":18,"column":42}},"loc":{"start":{"line":18,"column":30},"end":{"line":85,"column":23}}},"10":{"name":"(anonymous_11)","decl":{"start":{"line":20,"column":20},"end":{"line":20,"column":22}},"loc":{"start":{"line":20,"column":22},"end":{"line":20,"column":null}}},"11":{"name":"(anonymous_12)","decl":{"start":{"line":21,"column":23},"end":{"line":21,"column":25}},"loc":{"start":{"line":21,"column":25},"end":{"line":21,"column":null}}},"12":{"name":"(anonymous_13)","decl":{"start":{"line":60,"column":24},"end":{"line":60,"column":31}},"loc":{"start":{"line":60,"column":31},"end":{"line":60,"column":null}}},"13":{"name":"(anonymous_14)","decl":{"start":{"line":82,"column":22},"end":{"line":82,"column":29}},"loc":{"start":{"line":82,"column":29},"end":{"line":82,"column":null}}}},"branchMap":{"0":{"loc":{"start":{"line":138,"column":16},"end":{"line":138,"column":33}},"type":"binary-expr","locations":[{"start":{"line":138,"column":16},"end":{"line":138,"column":21}},{"start":{"line":138,"column":24},"end":{"line":138,"column":33}}]},"1":{"loc":{"start":{"line":143,"column":13},"end":{"line":143,"column":62}},"type":"binary-expr","locations":[{"start":{"line":143,"column":13},"end":{"line":143,"column":42}},{"start":{"line":143,"column":45},"end":{"line":143,"column":62}}]},"2":{"loc":{"start":{"line":147,"column":6},"end":{"line":147,"column":null}},"type":"if","locations":[{"start":{"line":147,"column":6},"end":{"line":147,"column":null}},{"start":{},"end":{}}]},"3":{"loc":{"start":{"line":148,"column":16},"end":{"line":148,"column":41}},"type":"binary-expr","locations":[{"start":{"line":148,"column":16},"end":{"line":148,"column":33}},{"start":{"line":148,"column":36},"end":{"line":148,"column":41}}]},"4":{"loc":{"start":{"line":148,"column":46},"end":{"line":148,"column":65}},"type":"binary-expr","locations":[{"start":{"line":148,"column":46},"end":{"line":148,"column":60}},{"start":{"line":148,"column":63},"end":{"line":148,"column":65}}]},"5":{"loc":{"start":{"line":148,"column":70},"end":{"line":148,"column":88}},"type":"binary-expr","locations":[{"start":{"line":148,"column":70},"end":{"line":148,"column":83}},{"start":{"line":148,"column":86},"end":{"line":148,"column":88}}]},"6":{"loc":{"start":{"line":25,"column":28},"end":{"line":29,"column":null}},"type":"cond-expr","locations":[{"start":{"line":25,"column":16},"end":{"line":29,"column":null}}]},"7":{"loc":{"start":{"line":31,"column":28},"end":{"line":35,"column":null}},"type":"cond-expr","locations":[{"start":{"line":31,"column":16},"end":{"line":35,"column":null}}]},"8":{"loc":{"start":{"line":50,"column":28},"end":{"line":50,"column":99}},"type":"cond-expr","locations":[{"start":{"line":50,"column":16},"end":{"line":50,"column":99}}]},"9":{"loc":{"start":{"line":51,"column":28},"end":{"line":51,"column":110}},"type":"cond-expr","locations":[{"start":{"line":51,"column":16},"end":{"line":51,"column":110}}]},"10":{"loc":{"start":{"line":52,"column":28},"end":{"line":52,"column":110}},"type":"cond-expr","locations":[{"start":{"line":52,"column":16},"end":{"line":52,"column":110}}]},"11":{"loc":{"start":{"line":53,"column":28},"end":{"line":53,"column":115}},"type":"cond-expr","locations":[{"start":{"line":53,"column":16},"end":{"line":53,"column":115}}]},"12":{"loc":{"start":{"line":54,"column":28},"end":{"line":54,"column":115}},"type":"cond-expr","locations":[{"start":{"line":54,"column":16},"end":{"line":54,"column":115}}]},"13":{"loc":{"start":{"line":55,"column":28},"end":{"line":55,"column":117}},"type":"cond-expr","locations":[{"start":{"line":55,"column":16},"end":{"line":55,"column":117}}]},"14":{"loc":{"start":{"line":57,"column":24},"end":{"line":62,"column":null}},"type":"cond-expr","locations":[{"start":{"line":56,"column":16},"end":{"line":62,"column":null}}]},"15":{"loc":{"start":{"line":65,"column":22},"end":{"line":65,"column":46}},"type":"binary-expr","locations":[{"start":{"line":65,"column":22},"end":{"line":65,"column":31}},{"start":{"line":65,"column":31},"end":{"line":65,"column":46}}]},"16":{"loc":{"start":{"line":70,"column":28},"end":{"line":70,"column":112}},"type":"cond-expr","locations":[{"start":{"line":70,"column":16},"end":{"line":70,"column":112}}]},"17":{"loc":{"start":{"line":71,"column":28},"end":{"line":71,"column":112}},"type":"cond-expr","locations":[{"start":{"line":71,"column":16},"end":{"line":71,"column":112}}]},"18":{"loc":{"start":{"line":72,"column":28},"end":{"line":72,"column":110}},"type":"cond-expr","locations":[{"start":{"line":72,"column":16},"end":{"line":72,"column":110}}]},"19":{"loc":{"start":{"line":73,"column":28},"end":{"line":73,"column":114}},"type":"cond-expr","locations":[{"start":{"line":73,"column":16},"end":{"line":73,"column":114}}]},"20":{"loc":{"start":{"line":89,"column":20},"end":{"line":90,"column":97}},"type":"cond-expr","locations":[{"start":{"line":89,"column":10},"end":{"line":90,"column":97}}]}},"s":{"0":3,"1":0,"2":0,"3":0,"4":1393,"5":155,"6":930,"7":930,"8":930,"9":155,"10":155,"11":155,"12":155,"13":155,"14":155,"15":0,"16":300,"17":3,"18":3,"19":3,"20":3,"21":3,"22":3,"23":3,"24":3,"25":3,"26":3,"27":3,"28":3,"29":3,"30":3,"31":3,"32":3,"33":3,"34":3,"35":3,"36":3,"37":128,"38":155,"39":3,"40":0,"41":1,"42":1},"f":{"0":0,"1":0,"2":0,"3":1393,"4":155,"5":930,"6":155,"7":155,"8":300,"9":155,"10":3,"11":0,"12":1,"13":1},"b":{"0":[930,6],"1":[155,1],"2":[155,0],"3":[0,0],"4":[0,0],"5":[0,0],"6":[150],"7":[150],"8":[0],"9":[0],"10":[0],"11":[0],"12":[0],"13":[0],"14":[1],"15":[155,150],"16":[5],"17":[155],"18":[5],"19":[0],"20":[48]}}
,"/home/user/repos/visual-regresion/framework/visual/ui/src/components/TestMetadataPanel.vue": {"path":"/home/user/repos/visual-regresion/framework/visual/ui/src/components/TestMetadataPanel.vue","statementMap":{"0":{"start":{"line":36,"column":2},"end":{"line":36,"column":null}},"1":{"start":{"line":36,"column":43},"end":{"line":36,"column":null}},"2":{"start":{"line":37,"column":14},"end":{"line":37,"column":16}},"3":{"start":{"line":38,"column":2},"end":{"line":49,"column":null}},"4":{"start":{"line":39,"column":16},"end":{"line":39,"column":55}},"5":{"start":{"line":40,"column":4},"end":{"line":43,"column":null}},"6":{"start":{"line":41,"column":6},"end":{"line":41,"column":null}},"7":{"start":{"line":42,"column":6},"end":{"line":42,"column":null}},"8":{"start":{"line":44,"column":18},"end":{"line":44,"column":74}},"9":{"start":{"line":45,"column":4},"end":{"line":48,"column":null}},"10":{"start":{"line":50,"column":2},"end":{"line":50,"column":null}},"11":{"start":{"line":53,"column":15},"end":{"line":76,"column":1}},"12":{"start":{"line":62,"column":22},"end":{"line":62,"column":24}},"13":{"start":{"line":68,"column":6},"end":{"line":68,"column":null}},"14":{"start":{"line":73,"column":6},"end":{"line":73,"column":null}},"15":{"start":{"line":3,"column":9},"end":{"line":3,"column":null}},"16":{"start":{"line":4,"column":11},"end":{"line":4,"column":null}},"17":{"start":{"line":5,"column":12},"end":{"line":5,"column":28}},"18":{"start":{"line":13,"column":15},"end":{"line":13,"column":null}},"19":{"start":{"line":22,"column":18},"end":{"line":22,"column":40}},"20":{"start":{"line":23,"column":18},"end":{"line":23,"column":35}},"21":{"start":{"line":2,"column":13},"end":{"line":23,"column":52}},"22":{"start":{"line":2,"column":59},"end":{"line":2,"column":null}},"23":{"start":{"line":6,"column":79},"end":{"line":6,"column":null}},"24":{"start":{"line":21,"column":12},"end":{"line":23,"column":52}}},"fnMap":{"0":{"name":"flattenMetadata","decl":{"start":{"line":35,"column":9},"end":{"line":35,"column":24}},"loc":{"start":{"line":35,"column":45},"end":{"line":51,"column":null}}},"1":{"name":"(anonymous_1)","decl":{"start":{"line":62,"column":15},"end":{"line":62,"column":16}},"loc":{"start":{"line":62,"column":22},"end":{"line":62,"column":24}}},"2":{"name":"(anonymous_2)","decl":{"start":{"line":67,"column":4},"end":{"line":67,"column":5}},"loc":{"start":{"line":67,"column":11},"end":{"line":69,"column":5}}},"3":{"name":"(anonymous_3)","decl":{"start":{"line":72,"column":4},"end":{"line":72,"column":5}},"loc":{"start":{"line":72,"column":11},"end":{"line":74,"column":5}}},"4":{"name":"(anonymous_5)","decl":{"start":{"line":2,"column":52},"end":{"line":2,"column":59}},"loc":{"start":{"line":2,"column":59},"end":{"line":2,"column":null}}},"5":{"name":"(anonymous_6)","decl":{"start":{"line":6,"column":77},"end":{"line":6,"column":79}},"loc":{"start":{"line":6,"column":79},"end":{"line":6,"column":null}}},"6":{"name":"(anonymous_7)","decl":{"start":{"line":21,"column":34},"end":{"line":21,"column":37}},"loc":{"start":{"line":21,"column":26},"end":{"line":23,"column":52}}}},"branchMap":{"0":{"loc":{"start":{"line":35,"column":32},"end":{"line":35,"column":43}},"type":"default-arg","locations":[{"start":{"line":35,"column":41},"end":{"line":35,"column":43}}]},"1":{"loc":{"start":{"line":36,"column":2},"end":{"line":36,"column":null}},"type":"if","locations":[{"start":{"line":36,"column":2},"end":{"line":36,"column":null}},{"start":{},"end":{}}]},"2":{"loc":{"start":{"line":36,"column":6},"end":{"line":36,"column":41}},"type":"binary-expr","locations":[{"start":{"line":36,"column":6},"end":{"line":36,"column":13}},{"start":{"line":36,"column":16},"end":{"line":36,"column":41}}]},"3":{"loc":{"start":{"line":39,"column":16},"end":{"line":39,"column":55}},"type":"cond-expr","locations":[{"start":{"line":39,"column":25},"end":{"line":39,"column":47}},{"start":{"line":39,"column":49},"end":{"line":39,"column":55}}]},"4":{"loc":{"start":{"line":40,"column":4},"end":{"line":43,"column":null}},"type":"if","locations":[{"start":{"line":40,"column":4},"end":{"line":43,"column":null}},{"start":{},"end":{}}]},"5":{"loc":{"start":{"line":40,"column":8},"end":{"line":40,"column":76}},"type":"binary-expr","locations":[{"start":{"line":40,"column":8},"end":{"line":40,"column":17}},{"start":{"line":40,"column":20},"end":{"line":40,"column":49}},{"start":{"line":40,"column":52},"end":{"line":40,"column":76}}]},"6":{"loc":{"start":{"line":44,"column":18},"end":{"line":44,"column":74}},"type":"cond-expr","locations":[{"start":{"line":44,"column":44},"end":{"line":44,"column":64}},{"start":{"line":44,"column":66},"end":{"line":44,"column":74}}]},"7":{"loc":{"start":{"line":47,"column":13},"end":{"line":47,"column":88}},"type":"cond-expr","locations":[{"start":{"line":47,"column":69},"end":{"line":47,"column":73}},{"start":{"line":47,"column":75},"end":{"line":47,"column":88}}]},"8":{"loc":{"start":{"line":47,"column":13},"end":{"line":47,"column":67}},"type":"binary-expr","locations":[{"start":{"line":47,"column":13},"end":{"line":47,"column":33}},{"start":{"line":47,"column":36},"end":{"line":47,"column":51}},{"start":{"line":47,"column":54},"end":{"line":47,"column":67}}]},"9":{"loc":{"start":{"line":68,"column":29},"end":{"line":68,"column":48}},"type":"binary-expr","locations":[{"start":{"line":68,"column":29},"end":{"line":68,"column":43}},{"start":{"line":68,"column":46},"end":{"line":68,"column":48}}]},"10":{"loc":{"start":{"line":2,"column":13},"end":{"line":23,"column":52}},"type":"cond-expr","locations":[{"start":{"line":2,"column":2},"end":{"line":23,"column":52}}]},"11":{"loc":{"start":{"line":2,"column":52},"end":{"line":2,"column":null}},"type":"binary-expr","locations":[{"start":{"line":2,"column":52},"end":{"line":2,"column":59}},{"start":{"line":2,"column":52},"end":{"line":2,"column":null}}]},"12":{"loc":{"start":{"line":6,"column":77},"end":{"line":6,"column":null}},"type":"binary-expr","locations":[{"start":{"line":6,"column":77},"end":{"line":6,"column":79}},{"start":{"line":6,"column":77},"end":{"line":6,"column":null}}]},"13":{"loc":{"start":{"line":11,"column":17},"end":{"line":23,"column":52}},"type":"cond-expr","locations":[{"start":{"line":11,"column":6},"end":{"line":11,"column":92}},{"start":{"line":12,"column":6},"end":{"line":23,"column":52}}]}},"s":{"0":3,"1":0,"2":3,"3":3,"4":5,"5":5,"6":2,"7":2,"8":3,"9":3,"10":3,"11":3,"12":0,"13":1,"14":4,"15":3,"16":3,"17":3,"18":3,"19":3,"20":3,"21":43,"22":0,"23":0,"24":3},"f":{"0":3,"1":0,"2":1,"3":4,"4":0,"5":0,"6":3},"b":{"0":[1],"1":[0,3],"2":[3,3],"3":[3,2],"4":[2,3],"5":[5,5,3],"6":[1,2],"7":[0,3],"8":[3,3,3],"9":[1,0],"10":[1],"11":[1,1],"12":[1,1],"13":[0,1]}}
,"/home/user/repos/visual-regresion/framework/visual/ui/src/components/ViewerModal.vue": {"path":"/home/user/repos/visual-regresion/framework/visual/ui/src/components/ViewerModal.vue","statementMap":{"0":{"start":{"line":135,"column":15},"end":{"line":301,"column":1}},"1":{"start":{"line":139,"column":47},"end":{"line":139,"column":49}},"2":{"start":{"line":140,"column":55},"end":{"line":140,"column":57}},"3":{"start":{"line":141,"column":48},"end":{"line":141,"column":50}},"4":{"start":{"line":142,"column":44},"end":{"line":142,"column":73}},"5":{"start":{"line":143,"column":48},"end":{"line":143,"column":95}},"6":{"start":{"line":145,"column":45},"end":{"line":145,"column":47}},"7":{"start":{"line":169,"column":6},"end":{"line":169,"column":null}},"8":{"start":{"line":172,"column":6},"end":{"line":177,"column":null}},"9":{"start":{"line":180,"column":18},"end":{"line":180,"column":44}},"10":{"start":{"line":181,"column":21},"end":{"line":181,"column":23}},"11":{"start":{"line":182,"column":6},"end":{"line":188,"column":null}},"12":{"start":{"line":183,"column":8},"end":{"line":187,"column":null}},"13":{"start":{"line":189,"column":6},"end":{"line":195,"column":null}},"14":{"start":{"line":190,"column":8},"end":{"line":194,"column":null}},"15":{"start":{"line":196,"column":6},"end":{"line":202,"column":null}},"16":{"start":{"line":197,"column":8},"end":{"line":201,"column":null}},"17":{"start":{"line":203,"column":19},"end":{"line":203,"column":41}},"18":{"start":{"line":204,"column":22},"end":{"line":208,"column":7}},"19":{"start":{"line":209,"column":24},"end":{"line":209,"column":66}},"20":{"start":{"line":209,"column":50},"end":{"line":209,"column":65}},"21":{"start":{"line":210,"column":6},"end":{"line":216,"column":null}},"22":{"start":{"line":211,"column":8},"end":{"line":215,"column":null}},"23":{"start":{"line":217,"column":6},"end":{"line":223,"column":null}},"24":{"start":{"line":218,"column":8},"end":{"line":222,"column":null}},"25":{"start":{"line":224,"column":6},"end":{"line":230,"column":null}},"26":{"start":{"line":225,"column":8},"end":{"line":229,"column":null}},"27":{"start":{"line":231,"column":23},"end":{"line":231,"column":39}},"28":{"start":{"line":232,"column":6},"end":{"line":238,"column":null}},"29":{"start":{"line":233,"column":8},"end":{"line":237,"column":null}},"30":{"start":{"line":239,"column":6},"end":{"line":239,"column":null}},"31":{"start":{"line":242,"column":18},"end":{"line":242,"column":44}},"32":{"start":{"line":243,"column":22},"end":{"line":245,"column":7}},"33":{"start":{"line":244,"column":17},"end":{"line":244,"column":null}},"34":{"start":{"line":246,"column":6},"end":{"line":246,"column":null}},"35":{"start":{"line":246,"column":20},"end":{"line":246,"column":null}},"36":{"start":{"line":247,"column":20},"end":{"line":247,"column":60}},"37":{"start":{"line":248,"column":20},"end":{"line":248,"column":46}},"38":{"start":{"line":249,"column":20},"end":{"line":249,"column":46}},"39":{"start":{"line":250,"column":6},"end":{"line":252,"column":null}},"40":{"start":{"line":257,"column":6},"end":{"line":257,"column":null}},"41":{"start":{"line":261,"column":21},"end":{"line":261,"column":63}},"42":{"start":{"line":262,"column":6},"end":{"line":262,"column":null}},"43":{"start":{"line":265,"column":20},"end":{"line":265,"column":72}},"44":{"start":{"line":265,"column":52},"end":{"line":265,"column":71}},"45":{"start":{"line":266,"column":6},"end":{"line":266,"column":null}},"46":{"start":{"line":269,"column":6},"end":{"line":269,"column":null}},"47":{"start":{"line":272,"column":6},"end":{"line":272,"column":null}},"48":{"start":{"line":272,"column":19},"end":{"line":272,"column":null}},"49":{"start":{"line":273,"column":25},"end":{"line":273,"column":53}},"50":{"start":{"line":274,"column":18},"end":{"line":274,"column":40}},"51":{"start":{"line":275,"column":26},"end":{"line":275,"column":37}},"52":{"start":{"line":276,"column":6},"end":{"line":278,"column":null}},"53":{"start":{"line":277,"column":8},"end":{"line":277,"column":null}},"54":{"start":{"line":279,"column":6},"end":{"line":279,"column":null}},"55":{"start":{"line":282,"column":22},"end":{"line":282,"column":58}},"56":{"start":{"line":283,"column":6},"end":{"line":283,"column":null}},"57":{"start":{"line":283,"column":29},"end":{"line":283,"column":null}},"58":{"start":{"line":284,"column":6},"end":{"line":284,"column":null}},"59":{"start":{"line":284,"column":29},"end":{"line":284,"column":null}},"60":{"start":{"line":285,"column":6},"end":{"line":285,"column":null}},"61":{"start":{"line":285,"column":34},"end":{"line":285,"column":null}},"62":{"start":{"line":286,"column":6},"end":{"line":286,"column":null}},"63":{"start":{"line":289,"column":6},"end":{"line":289,"column":null}},"64":{"start":{"line":292,"column":6},"end":{"line":292,"column":null}},"65":{"start":{"line":295,"column":6},"end":{"line":295,"column":null}},"66":{"start":{"line":298,"column":6},"end":{"line":298,"column":null}},"67":{"start":{"line":3,"column":9},"end":{"line":3,"column":null}},"68":{"start":{"line":4,"column":11},"end":{"line":4,"column":null}},"69":{"start":{"line":5,"column":15},"end":{"line":5,"column":null}},"70":{"start":{"line":6,"column":17},"end":{"line":6,"column":null}},"71":{"start":{"line":7,"column":19},"end":{"line":7,"column":null}},"72":{"start":{"line":8,"column":21},"end":{"line":8,"column":49}},"73":{"start":{"line":9,"column":21},"end":{"line":9,"column":54}},"74":{"start":{"line":11,"column":19},"end":{"line":11,"column":null}},"75":{"start":{"line":30,"column":15},"end":{"line":30,"column":null}},"76":{"start":{"line":69,"column":15},"end":{"line":69,"column":null}},"77":{"start":{"line":72,"column":21},"end":{"line":72,"column":null}},"78":{"start":{"line":73,"column":23},"end":{"line":73,"column":45}},"79":{"start":{"line":74,"column":23},"end":{"line":74,"column":null}},"80":{"start":{"line":85,"column":21},"end":{"line":85,"column":null}},"81":{"start":{"line":96,"column":19},"end":{"line":96,"column":null}},"82":{"start":{"line":97,"column":21},"end":{"line":97,"column":45}},"83":{"start":{"line":98,"column":21},"end":{"line":98,"column":44}},"84":{"start":{"line":99,"column":21},"end":{"line":99,"column":45}},"85":{"start":{"line":104,"column":19},"end":{"line":104,"column":null}},"86":{"start":{"line":105,"column":21},"end":{"line":105,"column":45}},"87":{"start":{"line":113,"column":21},"end":{"line":113,"column":42}},"88":{"start":{"line":114,"column":21},"end":{"line":114,"column":null}},"89":{"start":{"line":2,"column":2},"end":{"line":117,"column":161}},"90":{"start":{"line":13,"column":18},"end":{"line":14,"column":null}},"91":{"start":{"line":27,"column":25},"end":{"line":27,"column":36}},"92":{"start":{"line":28,"column":26},"end":{"line":28,"column":null}},"93":{"start":{"line":32,"column":14},"end":{"line":37,"column":null}},"94":{"start":{"line":36,"column":30},"end":{"line":36,"column":null}},"95":{"start":{"line":42,"column":121},"end":{"line":42,"column":138}},"96":{"start":{"line":42,"column":147},"end":{"line":42,"column":165}},"97":{"start":{"line":42,"column":172},"end":{"line":42,"column":195}},"98":{"start":{"line":43,"column":121},"end":{"line":43,"column":138}},"99":{"start":{"line":43,"column":147},"end":{"line":43,"column":165}},"100":{"start":{"line":43,"column":172},"end":{"line":43,"column":194}},"101":{"start":{"line":47,"column":42},"end":{"line":47,"column":null}},"102":{"start":{"line":48,"column":40},"end":{"line":48,"column":null}},"103":{"start":{"line":49,"column":43},"end":{"line":49,"column":67}},"104":{"start":{"line":53,"column":141},"end":{"line":53,"column":171}},"105":{"start":{"line":54,"column":124},"end":{"line":54,"column":161}},"106":{"start":{"line":55,"column":152},"end":{"line":55,"column":182}},"107":{"start":{"line":56,"column":135},"end":{"line":56,"column":172}},"108":{"start":{"line":57,"column":123},"end":{"line":57,"column":158}},"109":{"start":{"line":58,"column":101},"end":{"line":58,"column":143}},"110":{"start":{"line":60,"column":83},"end":{"line":60,"column":null}},"111":{"start":{"line":64,"column":83},"end":{"line":64,"column":null}},"112":{"start":{"line":71,"column":14},"end":{"line":89,"column":null}},"113":{"start":{"line":77,"column":37},"end":{"line":77,"column":null}},"114":{"start":{"line":78,"column":22},"end":{"line":79,"column":null}},"115":{"start":{"line":103,"column":78},"end":{"line":103,"column":90}},"116":{"start":{"line":111,"column":26},"end":{"line":111,"column":37}},"117":{"start":{"line":115,"column":79},"end":{"line":115,"column":89}},"118":{"start":{"line":116,"column":89},"end":{"line":116,"column":101}},"119":{"start":{"line":117,"column":116},"end":{"line":117,"column":128}}},"fnMap":{"0":{"name":"(anonymous_0)","decl":{"start":{"line":139,"column":40},"end":{"line":139,"column":41}},"loc":{"start":{"line":139,"column":47},"end":{"line":139,"column":49}}},"1":{"name":"(anonymous_1)","decl":{"start":{"line":140,"column":48},"end":{"line":140,"column":49}},"loc":{"start":{"line":140,"column":55},"end":{"line":140,"column":57}}},"2":{"name":"(anonymous_2)","decl":{"start":{"line":141,"column":41},"end":{"line":141,"column":42}},"loc":{"start":{"line":141,"column":48},"end":{"line":141,"column":50}}},"3":{"name":"(anonymous_3)","decl":{"start":{"line":142,"column":37},"end":{"line":142,"column":38}},"loc":{"start":{"line":142,"column":44},"end":{"line":142,"column":73}}},"4":{"name":"(anonymous_4)","decl":{"start":{"line":143,"column":41},"end":{"line":143,"column":42}},"loc":{"start":{"line":143,"column":48},"end":{"line":143,"column":95}}},"5":{"name":"(anonymous_5)","decl":{"start":{"line":145,"column":38},"end":{"line":145,"column":39}},"loc":{"start":{"line":145,"column":45},"end":{"line":145,"column":47}}},"6":{"name":"(anonymous_6)","decl":{"start":{"line":168,"column":4},"end":{"line":168,"column":5}},"loc":{"start":{"line":168,"column":19},"end":{"line":170,"column":5}}},"7":{"name":"(anonymous_7)","decl":{"start":{"line":171,"column":4},"end":{"line":171,"column":5}},"loc":{"start":{"line":171,"column":18},"end":{"line":178,"column":5}}},"8":{"name":"(anonymous_8)","decl":{"start":{"line":179,"column":4},"end":{"line":179,"column":5}},"loc":{"start":{"line":179,"column":19},"end":{"line":240,"column":5}}},"9":{"name":"(anonymous_9)","decl":{"start":{"line":209,"column":39},"end":{"line":209,"column":40}},"loc":{"start":{"line":209,"column":50},"end":{"line":209,"column":65}}},"10":{"name":"(anonymous_10)","decl":{"start":{"line":241,"column":4},"end":{"line":241,"column":5}},"loc":{"start":{"line":241,"column":18},"end":{"line":253,"column":5}}},"11":{"name":"(anonymous_11)","decl":{"start":{"line":244,"column":8},"end":{"line":244,"column":9}},"loc":{"start":{"line":244,"column":17},"end":{"line":244,"column":null}}},"12":{"name":"(anonymous_12)","decl":{"start":{"line":256,"column":4},"end":{"line":256,"column":5}},"loc":{"start":{"line":256,"column":11},"end":{"line":258,"column":5}}},"13":{"name":"(anonymous_13)","decl":{"start":{"line":260,"column":4},"end":{"line":260,"column":5}},"loc":{"start":{"line":260,"column":21},"end":{"line":263,"column":5}}},"14":{"name":"(anonymous_14)","decl":{"start":{"line":264,"column":4},"end":{"line":264,"column":5}},"loc":{"start":{"line":264,"column":24},"end":{"line":267,"column":5}}},"15":{"name":"(anonymous_15)","decl":{"start":{"line":265,"column":42},"end":{"line":265,"column":43}},"loc":{"start":{"line":265,"column":52},"end":{"line":265,"column":71}}},"16":{"name":"(anonymous_16)","decl":{"start":{"line":268,"column":4},"end":{"line":268,"column":5}},"loc":{"start":{"line":268,"column":24},"end":{"line":270,"column":5}}},"17":{"name":"(anonymous_17)","decl":{"start":{"line":271,"column":4},"end":{"line":271,"column":5}},"loc":{"start":{"line":271,"column":24},"end":{"line":280,"column":5}}},"18":{"name":"(anonymous_18)","decl":{"start":{"line":281,"column":4},"end":{"line":281,"column":5}},"loc":{"start":{"line":281,"column":26},"end":{"line":287,"column":5}}},"19":{"name":"(anonymous_19)","decl":{"start":{"line":288,"column":4},"end":{"line":288,"column":5}},"loc":{"start":{"line":288,"column":23},"end":{"line":290,"column":5}}},"20":{"name":"(anonymous_20)","decl":{"start":{"line":291,"column":4},"end":{"line":291,"column":5}},"loc":{"start":{"line":291,"column":17},"end":{"line":293,"column":5}}},"21":{"name":"(anonymous_21)","decl":{"start":{"line":294,"column":4},"end":{"line":294,"column":5}},"loc":{"start":{"line":294,"column":19},"end":{"line":296,"column":5}}},"22":{"name":"(anonymous_22)","decl":{"start":{"line":297,"column":4},"end":{"line":297,"column":5}},"loc":{"start":{"line":297,"column":19},"end":{"line":299,"column":5}}},"23":{"name":"(anonymous_24)","decl":{"start":{"line":13,"column":52},"end":{"line":13,"column":55}},"loc":{"start":{"line":13,"column":36},"end":{"line":14,"column":null}}},"24":{"name":"(anonymous_25)","decl":{"start":{"line":27,"column":23},"end":{"line":27,"column":25}},"loc":{"start":{"line":27,"column":25},"end":{"line":27,"column":36}}},"25":{"name":"(anonymous_26)","decl":{"start":{"line":28,"column":24},"end":{"line":28,"column":26}},"loc":{"start":{"line":28,"column":26},"end":{"line":28,"column":null}}},"26":{"name":"(anonymous_27)","decl":{"start":{"line":32,"column":47},"end":{"line":32,"column":50}},"loc":{"start":{"line":32,"column":34},"end":{"line":37,"column":null}}},"27":{"name":"(anonymous_28)","decl":{"start":{"line":36,"column":28},"end":{"line":36,"column":30}},"loc":{"start":{"line":36,"column":30},"end":{"line":36,"column":null}}},"28":{"name":"(anonymous_29)","decl":{"start":{"line":42,"column":119},"end":{"line":42,"column":121}},"loc":{"start":{"line":42,"column":121},"end":{"line":42,"column":138}}},"29":{"name":"(anonymous_30)","decl":{"start":{"line":42,"column":145},"end":{"line":42,"column":147}},"loc":{"start":{"line":42,"column":147},"end":{"line":42,"column":165}}},"30":{"name":"(anonymous_31)","decl":{"start":{"line":42,"column":170},"end":{"line":42,"column":172}},"loc":{"start":{"line":42,"column":172},"end":{"line":42,"column":195}}},"31":{"name":"(anonymous_32)","decl":{"start":{"line":43,"column":119},"end":{"line":43,"column":121}},"loc":{"start":{"line":43,"column":121},"end":{"line":43,"column":138}}},"32":{"name":"(anonymous_33)","decl":{"start":{"line":43,"column":145},"end":{"line":43,"column":147}},"loc":{"start":{"line":43,"column":147},"end":{"line":43,"column":165}}},"33":{"name":"(anonymous_34)","decl":{"start":{"line":43,"column":170},"end":{"line":43,"column":172}},"loc":{"start":{"line":43,"column":172},"end":{"line":43,"column":194}}},"34":{"name":"(anonymous_35)","decl":{"start":{"line":47,"column":32},"end":{"line":47,"column":42}},"loc":{"start":{"line":47,"column":42},"end":{"line":47,"column":null}}},"35":{"name":"(anonymous_36)","decl":{"start":{"line":48,"column":30},"end":{"line":48,"column":40}},"loc":{"start":{"line":48,"column":40},"end":{"line":48,"column":null}}},"36":{"name":"(anonymous_37)","decl":{"start":{"line":49,"column":33},"end":{"line":49,"column":43}},"loc":{"start":{"line":49,"column":43},"end":{"line":49,"column":67}}},"37":{"name":"(anonymous_38)","decl":{"start":{"line":53,"column":139},"end":{"line":53,"column":141}},"loc":{"start":{"line":53,"column":141},"end":{"line":53,"column":171}}},"38":{"name":"(anonymous_39)","decl":{"start":{"line":54,"column":122},"end":{"line":54,"column":124}},"loc":{"start":{"line":54,"column":124},"end":{"line":54,"column":161}}},"39":{"name":"(anonymous_40)","decl":{"start":{"line":55,"column":150},"end":{"line":55,"column":152}},"loc":{"start":{"line":55,"column":152},"end":{"line":55,"column":182}}},"40":{"name":"(anonymous_41)","decl":{"start":{"line":56,"column":133},"end":{"line":56,"column":135}},"loc":{"start":{"line":56,"column":135},"end":{"line":56,"column":172}}},"41":{"name":"(anonymous_42)","decl":{"start":{"line":57,"column":121},"end":{"line":57,"column":123}},"loc":{"start":{"line":57,"column":123},"end":{"line":57,"column":158}}},"42":{"name":"(anonymous_43)","decl":{"start":{"line":58,"column":99},"end":{"line":58,"column":101}},"loc":{"start":{"line":58,"column":101},"end":{"line":58,"column":143}}},"43":{"name":"(anonymous_44)","decl":{"start":{"line":60,"column":81},"end":{"line":60,"column":83}},"loc":{"start":{"line":60,"column":83},"end":{"line":60,"column":null}}},"44":{"name":"(anonymous_45)","decl":{"start":{"line":64,"column":81},"end":{"line":64,"column":83}},"loc":{"start":{"line":64,"column":83},"end":{"line":64,"column":null}}},"45":{"name":"(anonymous_46)","decl":{"start":{"line":71,"column":46},"end":{"line":71,"column":49}},"loc":{"start":{"line":71,"column":30},"end":{"line":89,"column":null}}},"46":{"name":"(anonymous_47)","decl":{"start":{"line":77,"column":35},"end":{"line":77,"column":37}},"loc":{"start":{"line":77,"column":37},"end":{"line":77,"column":null}}},"47":{"name":"(anonymous_48)","decl":{"start":{"line":78,"column":56},"end":{"line":78,"column":59}},"loc":{"start":{"line":78,"column":41},"end":{"line":79,"column":null}}},"48":{"name":"(anonymous_49)","decl":{"start":{"line":103,"column":71},"end":{"line":103,"column":78}},"loc":{"start":{"line":103,"column":78},"end":{"line":103,"column":90}}},"49":{"name":"(anonymous_50)","decl":{"start":{"line":111,"column":24},"end":{"line":111,"column":26}},"loc":{"start":{"line":111,"column":26},"end":{"line":111,"column":37}}},"50":{"name":"(anonymous_51)","decl":{"start":{"line":115,"column":77},"end":{"line":115,"column":79}},"loc":{"start":{"line":115,"column":79},"end":{"line":115,"column":89}}},"51":{"name":"(anonymous_52)","decl":{"start":{"line":116,"column":87},"end":{"line":116,"column":89}},"loc":{"start":{"line":116,"column":89},"end":{"line":116,"column":101}}},"52":{"name":"(anonymous_53)","decl":{"start":{"line":117,"column":114},"end":{"line":117,"column":116}},"loc":{"start":{"line":117,"column":116},"end":{"line":117,"column":128}}}},"branchMap":{"0":{"loc":{"start":{"line":180,"column":18},"end":{"line":180,"column":44}},"type":"binary-expr","locations":[{"start":{"line":180,"column":18},"end":{"line":180,"column":39}},{"start":{"line":180,"column":42},"end":{"line":180,"column":44}}]},"1":{"loc":{"start":{"line":182,"column":6},"end":{"line":188,"column":null}},"type":"if","locations":[{"start":{"line":182,"column":6},"end":{"line":188,"column":null}},{"start":{},"end":{}}]},"2":{"loc":{"start":{"line":189,"column":6},"end":{"line":195,"column":null}},"type":"if","locations":[{"start":{"line":189,"column":6},"end":{"line":195,"column":null}},{"start":{},"end":{}}]},"3":{"loc":{"start":{"line":196,"column":6},"end":{"line":202,"column":null}},"type":"if","locations":[{"start":{"line":196,"column":6},"end":{"line":202,"column":null}},{"start":{},"end":{}}]},"4":{"loc":{"start":{"line":203,"column":19},"end":{"line":203,"column":41}},"type":"binary-expr","locations":[{"start":{"line":203,"column":19},"end":{"line":203,"column":36}},{"start":{"line":203,"column":39},"end":{"line":203,"column":41}}]},"5":{"loc":{"start":{"line":210,"column":6},"end":{"line":216,"column":null}},"type":"if","locations":[{"start":{"line":210,"column":6},"end":{"line":216,"column":null}},{"start":{},"end":{}}]},"6":{"loc":{"start":{"line":217,"column":6},"end":{"line":223,"column":null}},"type":"if","locations":[{"start":{"line":217,"column":6},"end":{"line":223,"column":null}},{"start":{},"end":{}}]},"7":{"loc":{"start":{"line":224,"column":6},"end":{"line":230,"column":null}},"type":"if","locations":[{"start":{"line":224,"column":6},"end":{"line":230,"column":null}},{"start":{},"end":{}}]},"8":{"loc":{"start":{"line":232,"column":6},"end":{"line":238,"column":null}},"type":"if","locations":[{"start":{"line":232,"column":6},"end":{"line":238,"column":null}},{"start":{},"end":{}}]},"9":{"loc":{"start":{"line":232,"column":10},"end":{"line":232,"column":57}},"type":"binary-expr","locations":[{"start":{"line":232,"column":10},"end":{"line":232,"column":39}},{"start":{"line":232,"column":42},"end":{"line":232,"column":57}}]},"10":{"loc":{"start":{"line":242,"column":18},"end":{"line":242,"column":44}},"type":"binary-expr","locations":[{"start":{"line":242,"column":18},"end":{"line":242,"column":39}},{"start":{"line":242,"column":42},"end":{"line":242,"column":44}}]},"11":{"loc":{"start":{"line":244,"column":17},"end":{"line":244,"column":null}},"type":"binary-expr","locations":[{"start":{"line":244,"column":17},"end":{"line":244,"column":40}},{"start":{"line":244,"column":43},"end":{"line":244,"column":61}},{"start":{"line":244,"column":64},"end":{"line":244,"column":null}}]},"12":{"loc":{"start":{"line":246,"column":6},"end":{"line":246,"column":null}},"type":"if","locations":[{"start":{"line":246,"column":6},"end":{"line":246,"column":null}},{"start":{},"end":{}}]},"13":{"loc":{"start":{"line":247,"column":20},"end":{"line":247,"column":60}},"type":"binary-expr","locations":[{"start":{"line":247,"column":20},"end":{"line":247,"column":54}},{"start":{"line":247,"column":57},"end":{"line":247,"column":60}}]},"14":{"loc":{"start":{"line":248,"column":20},"end":{"line":248,"column":46}},"type":"binary-expr","locations":[{"start":{"line":248,"column":20},"end":{"line":248,"column":40}},{"start":{"line":248,"column":43},"end":{"line":248,"column":46}}]},"15":{"loc":{"start":{"line":249,"column":20},"end":{"line":249,"column":46}},"type":"binary-expr","locations":[{"start":{"line":249,"column":20},"end":{"line":249,"column":40}},{"start":{"line":249,"column":43},"end":{"line":249,"column":46}}]},"16":{"loc":{"start":{"line":266,"column":13},"end":{"line":266,"column":37}},"type":"cond-expr","locations":[{"start":{"line":266,"column":21},"end":{"line":266,"column":33}},{"start":{"line":266,"column":35},"end":{"line":266,"column":37}}]},"17":{"loc":{"start":{"line":272,"column":6},"end":{"line":272,"column":null}},"type":"if","locations":[{"start":{"line":272,"column":6},"end":{"line":272,"column":null}},{"start":{},"end":{}}]},"18":{"loc":{"start":{"line":276,"column":6},"end":{"line":278,"column":null}},"type":"if","locations":[{"start":{"line":276,"column":6},"end":{"line":278,"column":null}},{"start":{},"end":{}}]},"19":{"loc":{"start":{"line":276,"column":10},"end":{"line":276,"column":44}},"type":"binary-expr","locations":[{"start":{"line":276,"column":10},"end":{"line":276,"column":22}},{"start":{"line":276,"column":25},"end":{"line":276,"column":44}}]},"20":{"loc":{"start":{"line":282,"column":22},"end":{"line":282,"column":58}},"type":"binary-expr","locations":[{"start":{"line":282,"column":22},"end":{"line":282,"column":51}},{"start":{"line":282,"column":54},"end":{"line":282,"column":58}}]},"21":{"loc":{"start":{"line":283,"column":6},"end":{"line":283,"column":null}},"type":"if","locations":[{"start":{"line":283,"column":6},"end":{"line":283,"column":null}},{"start":{},"end":{}}]},"22":{"loc":{"start":{"line":284,"column":6},"end":{"line":284,"column":null}},"type":"if","locations":[{"start":{"line":284,"column":6},"end":{"line":284,"column":null}},{"start":{},"end":{}}]},"23":{"loc":{"start":{"line":285,"column":6},"end":{"line":285,"column":null}},"type":"if","locations":[{"start":{"line":285,"column":6},"end":{"line":285,"column":null}},{"start":{},"end":{}}]},"24":{"loc":{"start":{"line":289,"column":31},"end":{"line":289,"column":57}},"type":"binary-expr","locations":[{"start":{"line":289,"column":31},"end":{"line":289,"column":52}},{"start":{"line":289,"column":55},"end":{"line":289,"column":57}}]},"25":{"loc":{"start":{"line":12,"column":27},"end":{"line":14,"column":null}},"type":"cond-expr","locations":[{"start":{"line":12,"column":16},"end":{"line":14,"column":null}}]},"26":{"loc":{"start":{"line":17,"column":27},"end":{"line":17,"column":90}},"type":"cond-expr","locations":[{"start":{"line":17,"column":16},"end":{"line":17,"column":90}}]},"27":{"loc":{"start":{"line":20,"column":12},"end":{"line":22,"column":87}},"type":"binary-expr","locations":[{"start":{"line":20,"column":12},"end":{"line":20,"column":17}},{"start":{"line":20,"column":12},"end":{"line":22,"column":87}}]},"28":{"loc":{"start":{"line":27,"column":23},"end":{"line":27,"column":null}},"type":"binary-expr","locations":[{"start":{"line":27,"column":23},"end":{"line":27,"column":25}},{"start":{"line":27,"column":23},"end":{"line":27,"column":null}}]},"29":{"loc":{"start":{"line":27,"column":25},"end":{"line":27,"column":36}},"type":"binary-expr","locations":[{"start":{"line":27,"column":25},"end":{"line":27,"column":36}},{"start":{"line":27,"column":25},"end":{"line":27,"column":36}}]},"30":{"loc":{"start":{"line":28,"column":24},"end":{"line":28,"column":null}},"type":"binary-expr","locations":[{"start":{"line":28,"column":24},"end":{"line":28,"column":26}},{"start":{"line":28,"column":24},"end":{"line":28,"column":null}}]},"31":{"loc":{"start":{"line":35,"column":30},"end":{"line":35,"column":null}},"type":"cond-expr","locations":[{"start":{"line":35,"column":52},"end":{"line":35,"column":null}},{"start":{"line":35,"column":52},"end":{"line":35,"column":null}}]},"32":{"loc":{"start":{"line":42,"column":56},"end":{"line":42,"column":110}},"type":"cond-expr","locations":[{"start":{"line":42,"column":65},"end":{"line":42,"column":110}},{"start":{"line":42,"column":65},"end":{"line":42,"column":110}}]},"33":{"loc":{"start":{"line":42,"column":119},"end":{"line":42,"column":138}},"type":"binary-expr","locations":[{"start":{"line":42,"column":119},"end":{"line":42,"column":121}},{"start":{"line":42,"column":119},"end":{"line":42,"column":138}}]},"34":{"loc":{"start":{"line":42,"column":145},"end":{"line":42,"column":165}},"type":"binary-expr","locations":[{"start":{"line":42,"column":145},"end":{"line":42,"column":147}},{"start":{"line":42,"column":145},"end":{"line":42,"column":165}}]},"35":{"loc":{"start":{"line":42,"column":170},"end":{"line":42,"column":195}},"type":"binary-expr","locations":[{"start":{"line":42,"column":170},"end":{"line":42,"column":172}},{"start":{"line":42,"column":170},"end":{"line":42,"column":195}}]},"36":{"loc":{"start":{"line":43,"column":56},"end":{"line":43,"column":110}},"type":"cond-expr","locations":[{"start":{"line":43,"column":65},"end":{"line":43,"column":110}},{"start":{"line":43,"column":65},"end":{"line":43,"column":110}}]},"37":{"loc":{"start":{"line":43,"column":119},"end":{"line":43,"column":138}},"type":"binary-expr","locations":[{"start":{"line":43,"column":119},"end":{"line":43,"column":121}},{"start":{"line":43,"column":119},"end":{"line":43,"column":138}}]},"38":{"loc":{"start":{"line":43,"column":145},"end":{"line":43,"column":165}},"type":"binary-expr","locations":[{"start":{"line":43,"column":145},"end":{"line":43,"column":147}},{"start":{"line":43,"column":145},"end":{"line":43,"column":165}}]},"39":{"loc":{"start":{"line":43,"column":170},"end":{"line":43,"column":194}},"type":"binary-expr","locations":[{"start":{"line":43,"column":170},"end":{"line":43,"column":172}},{"start":{"line":43,"column":170},"end":{"line":43,"column":194}}]},"40":{"loc":{"start":{"line":46,"column":42},"end":{"line":46,"column":null}},"type":"cond-expr","locations":[{"start":{"line":46,"column":57},"end":{"line":46,"column":null}},{"start":{"line":46,"column":57},"end":{"line":46,"column":null}}]},"41":{"loc":{"start":{"line":47,"column":32},"end":{"line":47,"column":null}},"type":"binary-expr","locations":[{"start":{"line":47,"column":32},"end":{"line":47,"column":42}},{"start":{"line":47,"column":32},"end":{"line":47,"column":null}}]},"42":{"loc":{"start":{"line":48,"column":30},"end":{"line":48,"column":null}},"type":"binary-expr","locations":[{"start":{"line":48,"column":30},"end":{"line":48,"column":40}},{"start":{"line":48,"column":30},"end":{"line":48,"column":null}}]},"43":{"loc":{"start":{"line":49,"column":33},"end":{"line":49,"column":67}},"type":"binary-expr","locations":[{"start":{"line":49,"column":33},"end":{"line":49,"column":43}},{"start":{"line":49,"column":33},"end":{"line":49,"column":67}}]},"44":{"loc":{"start":{"line":53,"column":27},"end":{"line":53,"column":199}},"type":"cond-expr","locations":[{"start":{"line":53,"column":12},"end":{"line":53,"column":199}}]},"45":{"loc":{"start":{"line":53,"column":139},"end":{"line":53,"column":171}},"type":"binary-expr","locations":[{"start":{"line":53,"column":139},"end":{"line":53,"column":141}},{"start":{"line":53,"column":139},"end":{"line":53,"column":171}}]},"46":{"loc":{"start":{"line":54,"column":26},"end":{"line":54,"column":188}},"type":"cond-expr","locations":[{"start":{"line":54,"column":12},"end":{"line":54,"column":188}}]},"47":{"loc":{"start":{"line":54,"column":26},"end":{"line":54,"column":70}},"type":"binary-expr","locations":[{"start":{"line":54,"column":26},"end":{"line":54,"column":41}},{"start":{"line":54,"column":41},"end":{"line":54,"column":70}}]},"48":{"loc":{"start":{"line":54,"column":122},"end":{"line":54,"column":161}},"type":"binary-expr","locations":[{"start":{"line":54,"column":122},"end":{"line":54,"column":124}},{"start":{"line":54,"column":122},"end":{"line":54,"column":161}}]},"49":{"loc":{"start":{"line":55,"column":27},"end":{"line":55,"column":209}},"type":"cond-expr","locations":[{"start":{"line":55,"column":12},"end":{"line":55,"column":209}}]},"50":{"loc":{"start":{"line":55,"column":150},"end":{"line":55,"column":182}},"type":"binary-expr","locations":[{"start":{"line":55,"column":150},"end":{"line":55,"column":152}},{"start":{"line":55,"column":150},"end":{"line":55,"column":182}}]},"51":{"loc":{"start":{"line":56,"column":26},"end":{"line":56,"column":199}},"type":"cond-expr","locations":[{"start":{"line":56,"column":12},"end":{"line":56,"column":199}}]},"52":{"loc":{"start":{"line":56,"column":26},"end":{"line":56,"column":70}},"type":"binary-expr","locations":[{"start":{"line":56,"column":26},"end":{"line":56,"column":41}},{"start":{"line":56,"column":41},"end":{"line":56,"column":70}}]},"53":{"loc":{"start":{"line":56,"column":133},"end":{"line":56,"column":172}},"type":"binary-expr","locations":[{"start":{"line":56,"column":133},"end":{"line":56,"column":135}},{"start":{"line":56,"column":133},"end":{"line":56,"column":172}}]},"54":{"loc":{"start":{"line":57,"column":27},"end":{"line":57,"column":190}},"type":"cond-expr","locations":[{"start":{"line":57,"column":12},"end":{"line":57,"column":190}}]},"55":{"loc":{"start":{"line":57,"column":121},"end":{"line":57,"column":158}},"type":"binary-expr","locations":[{"start":{"line":57,"column":121},"end":{"line":57,"column":123}},{"start":{"line":57,"column":121},"end":{"line":57,"column":158}}]},"56":{"loc":{"start":{"line":58,"column":26},"end":{"line":58,"column":175}},"type":"cond-expr","locations":[{"start":{"line":58,"column":12},"end":{"line":58,"column":175}}]},"57":{"loc":{"start":{"line":58,"column":99},"end":{"line":58,"column":143}},"type":"binary-expr","locations":[{"start":{"line":58,"column":99},"end":{"line":58,"column":101}},{"start":{"line":58,"column":99},"end":{"line":58,"column":143}}]},"58":{"loc":{"start":{"line":60,"column":81},"end":{"line":60,"column":null}},"type":"binary-expr","locations":[{"start":{"line":60,"column":81},"end":{"line":60,"column":83}},{"start":{"line":60,"column":81},"end":{"line":60,"column":null}}]},"59":{"loc":{"start":{"line":64,"column":81},"end":{"line":64,"column":null}},"type":"binary-expr","locations":[{"start":{"line":64,"column":81},"end":{"line":64,"column":83}},{"start":{"line":64,"column":81},"end":{"line":64,"column":null}}]},"60":{"loc":{"start":{"line":84,"column":16},"end":{"line":84,"column":48}},"type":"binary-expr","locations":[{"start":{"line":84,"column":16},"end":{"line":84,"column":21}},{"start":{"line":84,"column":16},"end":{"line":84,"column":48}}]},"61":{"loc":{"start":{"line":86,"column":29},"end":{"line":89,"column":null}},"type":"cond-expr","locations":[{"start":{"line":86,"column":18},"end":{"line":87,"column":66}},{"start":{"line":88,"column":18},"end":{"line":89,"column":null}}]},"62":{"loc":{"start":{"line":95,"column":23},"end":{"line":99,"column":114}},"type":"cond-expr","locations":[{"start":{"line":95,"column":12},"end":{"line":99,"column":114}}]},"63":{"loc":{"start":{"line":98,"column":44},"end":{"line":98,"column":108}},"type":"cond-expr","locations":[{"start":{"line":98,"column":59},"end":{"line":98,"column":83}},{"start":{"line":98,"column":83},"end":{"line":98,"column":108}}]},"64":{"loc":{"start":{"line":103,"column":23},"end":{"line":117,"column":161}},"type":"cond-expr","locations":[{"start":{"line":103,"column":12},"end":{"line":117,"column":161}}]},"65":{"loc":{"start":{"line":103,"column":71},"end":{"line":103,"column":null}},"type":"binary-expr","locations":[{"start":{"line":103,"column":71},"end":{"line":103,"column":78}},{"start":{"line":103,"column":71},"end":{"line":103,"column":null}}]},"66":{"loc":{"start":{"line":103,"column":78},"end":{"line":103,"column":90}},"type":"binary-expr","locations":[{"start":{"line":103,"column":78},"end":{"line":103,"column":90}},{"start":{"line":103,"column":78},"end":{"line":103,"column":90}}]},"67":{"loc":{"start":{"line":111,"column":24},"end":{"line":111,"column":null}},"type":"binary-expr","locations":[{"start":{"line":111,"column":24},"end":{"line":111,"column":26}},{"start":{"line":111,"column":24},"end":{"line":111,"column":null}}]},"68":{"loc":{"start":{"line":111,"column":26},"end":{"line":111,"column":37}},"type":"binary-expr","locations":[{"start":{"line":111,"column":26},"end":{"line":111,"column":37}},{"start":{"line":111,"column":26},"end":{"line":111,"column":37}}]},"69":{"loc":{"start":{"line":115,"column":77},"end":{"line":115,"column":94}},"type":"binary-expr","locations":[{"start":{"line":115,"column":77},"end":{"line":115,"column":79}},{"start":{"line":115,"column":77},"end":{"line":115,"column":94}}]},"70":{"loc":{"start":{"line":115,"column":79},"end":{"line":115,"column":89}},"type":"binary-expr","locations":[{"start":{"line":115,"column":79},"end":{"line":115,"column":89}},{"start":{"line":115,"column":79},"end":{"line":115,"column":89}}]},"71":{"loc":{"start":{"line":116,"column":87},"end":{"line":116,"column":106}},"type":"binary-expr","locations":[{"start":{"line":116,"column":87},"end":{"line":116,"column":89}},{"start":{"line":116,"column":87},"end":{"line":116,"column":106}}]},"72":{"loc":{"start":{"line":116,"column":89},"end":{"line":116,"column":101}},"type":"binary-expr","locations":[{"start":{"line":116,"column":89},"end":{"line":116,"column":101}},{"start":{"line":116,"column":89},"end":{"line":116,"column":101}}]},"73":{"loc":{"start":{"line":117,"column":32},"end":{"line":117,"column":161}},"type":"cond-expr","locations":[{"start":{"line":117,"column":18},"end":{"line":117,"column":161}}]},"74":{"loc":{"start":{"line":117,"column":114},"end":{"line":117,"column":133}},"type":"binary-expr","locations":[{"start":{"line":117,"column":114},"end":{"line":117,"column":116}},{"start":{"line":117,"column":114},"end":{"line":117,"column":133}}]},"75":{"loc":{"start":{"line":117,"column":116},"end":{"line":117,"column":128}},"type":"binary-expr","locations":[{"start":{"line":117,"column":116},"end":{"line":117,"column":128}},{"start":{"line":117,"column":116},"end":{"line":117,"column":128}}]}},"s":{"0":3,"1":0,"2":0,"3":0,"4":0,"5":0,"6":0,"7":2,"8":30,"9":112,"10":112,"11":112,"12":29,"13":112,"14":29,"15":112,"16":29,"17":112,"18":112,"19":112,"20":336,"21":112,"22":1,"23":112,"24":0,"25":112,"26":0,"27":112,"28":112,"29":1,"30":112,"31":112,"32":112,"33":278,"34":112,"35":83,"36":29,"37":29,"38":29,"39":29,"40":1113,"41":0,"42":0,"43":5,"44":14,"45":5,"46":31,"47":32,"48":1,"49":31,"50":31,"51":31,"52":31,"53":0,"54":31,"55":7,"56":7,"57":4,"58":3,"59":1,"60":2,"61":1,"62":1,"63":0,"64":0,"65":0,"66":0,"67":3,"68":3,"69":3,"70":3,"71":3,"72":3,"73":3,"74":3,"75":3,"76":3,"77":3,"78":3,"79":3,"80":3,"81":3,"82":3,"83":3,"84":3,"85":3,"86":3,"87":3,"88":3,"89":112,"90":92,"91":0,"92":0,"93":448,"94":1,"95":0,"96":0,"97":0,"98":0,"99":0,"100":0,"101":0,"102":0,"103":0,"104":0,"105":0,"106":0,"107":0,"108":0,"109":0,"110":1,"111":0,"112":60,"113":0,"114":240,"115":0,"116":0,"117":0,"118":0,"119":0},"f":{"0":0,"1":0,"2":0,"3":0,"4":0,"5":0,"6":2,"7":30,"8":112,"9":336,"10":112,"11":278,"12":1113,"13":0,"14":5,"15":14,"16":31,"17":32,"18":7,"19":0,"20":0,"21":0,"22":0,"23":92,"24":0,"25":0,"26":448,"27":1,"28":0,"29":0,"30":0,"31":0,"32":0,"33":0,"34":0,"35":0,"36":0,"37":0,"38":0,"39":0,"40":0,"41":0,"42":0,"43":1,"44":0,"45":60,"46":0,"47":240,"48":0,"49":0,"50":0,"51":0,"52":0},"b":{"0":[112,82],"1":[29,83],"2":[29,83],"3":[29,83],"4":[112,0],"5":[1,111],"6":[0,112],"7":[0,112],"8":[1,111],"9":[112,1],"10":[112,82],"11":[278,29,29],"12":[83,29],"13":[29,0],"14":[29,0],"15":[29,0],"16":[4,1],"17":[1,31],"18":[0,31],"19":[31,31],"20":[7,0],"21":[4,3],"22":[1,2],"23":[1,1],"24":[0,0],"25":[29],"26":[29],"27":[112,72],"28":[112,72],"29":[0,0],"30":[112,72],"31":[112,336],"32":[0,112],"33":[112,72],"34":[112,72],"35":[112,72],"36":[0,112],"37":[112,72],"38":[112,72],"39":[112,72],"40":[0,112],"41":[112,72],"42":[112,72],"43":[112,72],"44":[111],"45":[111,71],"46":[1],"47":[112,1],"48":[1,1],"49":[111],"50":[111,71],"51":[1],"52":[112,1],"53":[1,1],"54":[111],"55":[111,71],"56":[1],"57":[1,1],"58":[112,72],"59":[112,72],"60":[60,30],"61":[60,0],"62":[2],"63":[1,1],"64":[0],"65":[0,0],"66":[0,0],"67":[0,0],"68":[0,0],"69":[0,0],"70":[0,0],"71":[0,0],"72":[0,0],"73":[0],"74":[0,0],"75":[0,0]}}
,"/home/user/repos/visual-regresion/framework/visual/ui/src/components/hero/HeroHeader.vue": {"path":"/home/user/repos/visual-regresion/framework/visual/ui/src/components/hero/HeroHeader.vue","statementMap":{"0":{"start":{"line":20,"column":15},"end":{"line":31,"column":1}},"1":{"start":{"line":29,"column":4},"end":{"line":29,"column":null}},"2":{"start":{"line":2,"column":10},"end":{"line":2,"column":null}},"3":{"start":{"line":3,"column":9},"end":{"line":3,"column":null}},"4":{"start":{"line":6,"column":12},"end":{"line":6,"column":28}},"5":{"start":{"line":7,"column":11},"end":{"line":7,"column":38}},"6":{"start":{"line":9,"column":11},"end":{"line":9,"column":null}},"7":{"start":{"line":10,"column":14},"end":{"line":10,"column":37}},"8":{"start":{"line":11,"column":14},"end":{"line":11,"column":37}},"9":{"start":{"line":2,"column":2},"end":{"line":11,"column":52}}},"fnMap":{"0":{"name":"(anonymous_0)","decl":{"start":{"line":28,"column":2},"end":{"line":28,"column":3}},"loc":{"start":{"line":28,"column":10},"end":{"line":30,"column":3}}}},"branchMap":{"0":{"loc":{"start":{"line":5,"column":8},"end":{"line":5,"column":49}},"type":"binary-expr","locations":[{"start":{"line":5,"column":8},"end":{"line":5,"column":13}},{"start":{"line":5,"column":8},"end":{"line":5,"column":49}}]}},"s":{"0":2,"1":4,"2":2,"3":2,"4":2,"5":2,"6":2,"7":2,"8":2,"9":10},"f":{"0":4},"b":{"0":[10,4]}}
,"/home/user/repos/visual-regresion/framework/visual/ui/src/components/hero/ReportCard.vue": {"path":"/home/user/repos/visual-regresion/framework/visual/ui/src/components/hero/ReportCard.vue","statementMap":{"0":{"start":{"line":36,"column":15},"end":{"line":59,"column":1}},"1":{"start":{"line":46,"column":6},"end":{"line":46,"column":null}},"2":{"start":{"line":51,"column":6},"end":{"line":51,"column":null}},"3":{"start":{"line":52,"column":6},"end":{"line":52,"column":null}},"4":{"start":{"line":53,"column":6},"end":{"line":53,"column":null}},"5":{"start":{"line":57,"column":4},"end":{"line":57,"column":null}},"6":{"start":{"line":2,"column":11},"end":{"line":2,"column":null}},"7":{"start":{"line":3,"column":9},"end":{"line":3,"column":null}},"8":{"start":{"line":4,"column":11},"end":{"line":4,"column":null}},"9":{"start":{"line":5,"column":13},"end":{"line":5,"column":41}},"10":{"start":{"line":6,"column":14},"end":{"line":6,"column":49}},"11":{"start":{"line":9,"column":11},"end":{"line":9,"column":39}},"12":{"start":{"line":12,"column":14},"end":{"line":12,"column":36}},"13":{"start":{"line":16,"column":14},"end":{"line":16,"column":36}},"14":{"start":{"line":19,"column":11},"end":{"line":19,"column":null}},"15":{"start":{"line":20,"column":14},"end":{"line":20,"column":49}},"16":{"start":{"line":21,"column":14},"end":{"line":21,"column":47}},"17":{"start":{"line":22,"column":14},"end":{"line":22,"column":46}},"18":{"start":{"line":2,"column":2},"end":{"line":27,"column":119}},"19":{"start":{"line":27,"column":71},"end":{"line":27,"column":87}}},"fnMap":{"0":{"name":"(anonymous_0)","decl":{"start":{"line":45,"column":4},"end":{"line":45,"column":5}},"loc":{"start":{"line":45,"column":16},"end":{"line":47,"column":5}}},"1":{"name":"(anonymous_1)","decl":{"start":{"line":50,"column":4},"end":{"line":50,"column":5}},"loc":{"start":{"line":50,"column":26},"end":{"line":54,"column":5}}},"2":{"name":"(anonymous_2)","decl":{"start":{"line":56,"column":2},"end":{"line":56,"column":3}},"loc":{"start":{"line":56,"column":10},"end":{"line":58,"column":3}}},"3":{"name":"(anonymous_4)","decl":{"start":{"line":27,"column":69},"end":{"line":27,"column":71}},"loc":{"start":{"line":27,"column":71},"end":{"line":27,"column":87}}}},"branchMap":{"0":{"loc":{"start":{"line":46,"column":24},"end":{"line":46,"column":49}},"type":"binary-expr","locations":[{"start":{"line":46,"column":24},"end":{"line":46,"column":44}},{"start":{"line":46,"column":47},"end":{"line":46,"column":49}}]},"1":{"loc":{"start":{"line":6,"column":49},"end":{"line":6,"column":69}},"type":"binary-expr","locations":[{"start":{"line":6,"column":49},"end":{"line":6,"column":61}},{"start":{"line":6,"column":61},"end":{"line":6,"column":69}}]},"2":{"loc":{"start":{"line":9,"column":39},"end":{"line":9,"column":78}},"type":"binary-expr","locations":[{"start":{"line":9,"column":39},"end":{"line":9,"column":56}},{"start":{"line":9,"column":56},"end":{"line":9,"column":78}}]},"3":{"loc":{"start":{"line":11,"column":17},"end":{"line":12,"column":null}},"type":"cond-expr","locations":[{"start":{"line":11,"column":6},"end":{"line":12,"column":null}}]},"4":{"loc":{"start":{"line":15,"column":17},"end":{"line":16,"column":null}},"type":"cond-expr","locations":[{"start":{"line":15,"column":6},"end":{"line":16,"column":null}}]},"5":{"loc":{"start":{"line":20,"column":49},"end":{"line":20,"column":76}},"type":"binary-expr","locations":[{"start":{"line":20,"column":49},"end":{"line":20,"column":61}},{"start":{"line":20,"column":61},"end":{"line":20,"column":76}}]},"6":{"loc":{"start":{"line":21,"column":47},"end":{"line":21,"column":75}},"type":"binary-expr","locations":[{"start":{"line":21,"column":47},"end":{"line":21,"column":60}},{"start":{"line":21,"column":60},"end":{"line":21,"column":75}}]},"7":{"loc":{"start":{"line":22,"column":46},"end":{"line":22,"column":74}},"type":"binary-expr","locations":[{"start":{"line":22,"column":46},"end":{"line":22,"column":59}},{"start":{"line":22,"column":59},"end":{"line":22,"column":74}}]},"8":{"loc":{"start":{"line":23,"column":20},"end":{"line":23,"column":97}},"type":"cond-expr","locations":[{"start":{"line":23,"column":8},"end":{"line":23,"column":97}}]},"9":{"loc":{"start":{"line":24,"column":20},"end":{"line":24,"column":95}},"type":"cond-expr","locations":[{"start":{"line":24,"column":8},"end":{"line":24,"column":95}}]},"10":{"loc":{"start":{"line":27,"column":69},"end":{"line":27,"column":92}},"type":"binary-expr","locations":[{"start":{"line":27,"column":69},"end":{"line":27,"column":71}},{"start":{"line":27,"column":69},"end":{"line":27,"column":92}}]},"11":{"loc":{"start":{"line":27,"column":71},"end":{"line":27,"column":87}},"type":"binary-expr","locations":[{"start":{"line":27,"column":71},"end":{"line":27,"column":87}},{"start":{"line":27,"column":71},"end":{"line":27,"column":87}}]}},"s":{"0":3,"1":9,"2":0,"3":0,"4":0,"5":9,"6":3,"7":3,"8":3,"9":3,"10":3,"11":3,"12":3,"13":3,"14":3,"15":3,"16":3,"17":3,"18":9,"19":0},"f":{"0":9,"1":0,"2":9,"3":0},"b":{"0":[9,0],"1":[9,0],"2":[9,8],"3":[9],"4":[5],"5":[9,0],"6":[9,0],"7":[9,4],"8":[0],"9":[0],"10":[9,9],"11":[0,0]}}
,"/home/user/repos/visual-regresion/framework/visual/ui/src/components/hero/ReportsEmptyState.vue": {"path":"/home/user/repos/visual-regresion/framework/visual/ui/src/components/hero/ReportsEmptyState.vue","statementMap":{"0":{"start":{"line":13,"column":15},"end":{"line":18,"column":1}},"1":{"start":{"line":16,"column":4},"end":{"line":16,"column":null}},"2":{"start":{"line":2,"column":7},"end":{"line":2,"column":null}},"3":{"start":{"line":3,"column":9},"end":{"line":3,"column":null}},"4":{"start":{"line":4,"column":11},"end":{"line":4,"column":27}},"5":{"start":{"line":5,"column":11},"end":{"line":5,"column":28}},"6":{"start":{"line":2,"column":2},"end":{"line":5,"column":58}}},"fnMap":{"0":{"name":"(anonymous_0)","decl":{"start":{"line":15,"column":2},"end":{"line":15,"column":3}},"loc":{"start":{"line":15,"column":10},"end":{"line":17,"column":3}}}},"branchMap":{},"s":{"0":2,"1":4,"2":2,"3":2,"4":2,"5":2,"6":4},"f":{"0":4},"b":{}}
[...]
"end":{"line":229,"column":59}},"type":"binary-expr","locations":[{"start":{"line":229,"column":27},"end":{"line":229,"column":37}},{"start":{"line":229,"column":41},"end":{"line":229,"column":59}}]},"52":{"loc":{"start":{"line":230,"column":27},"end":{"line":230,"column":59}},"type":"binary-expr","locations":[{"start":{"line":230,"column":27},"end":{"line":230,"column":37}},{"start":{"line":230,"column":41},"end":{"line":230,"column":59}}]},"53":{"loc":{"start":{"line":231,"column":25},"end":{"line":231,"column":46}},"type":"binary-expr","locations":[{"start":{"line":231,"column":25},"end":{"line":231,"column":40}},{"start":{"line":231,"column":44},"end":{"line":231,"column":46}}]},"54":{"loc":{"start":{"line":232,"column":28},"end":{"line":232,"column":54}},"type":"binary-expr","locations":[{"start":{"line":232,"column":28},"end":{"line":232,"column":48}},{"start":{"line":232,"column":52},"end":{"line":232,"column":54}}]},"55":{"loc":{"start":{"line":233,"column":31},"end":{"line":233,"column":58}},"type":"binary-expr","locations":[{"start":{"line":233,"column":31},"end":{"line":233,"column":52}},{"start":{"line":233,"column":56},"end":{"line":233,"column":58}}]},"56":{"loc":{"start":{"line":234,"column":28},"end":{"line":234,"column":82}},"type":"binary-expr","locations":[{"start":{"line":234,"column":28},"end":{"line":234,"column":56}},{"start":{"line":234,"column":60},"end":{"line":234,"column":82}}]},"57":{"loc":{"start":{"line":236,"column":8},"end":{"line":252,"column":null}},"type":"if","locations":[{"start":{"line":236,"column":8},"end":{"line":252,"column":null}},{"start":{},"end":{}}]},"58":{"loc":{"start":{"line":237,"column":10},"end":{"line":251,"column":null}},"type":"if","locations":[{"start":{"line":237,"column":10},"end":{"line":251,"column":null}},{"start":{"line":239,"column":17},"end":{"line":251,"column":null}}]},"59":{"loc":{"start":{"line":239,"column":17},"end":{"line":251,"column":null}},"type":"if","locations":[{"start":{"line":239,"column":17},"end":{"line":251,"column":null}},{"start":{"line":241,"column":17},"end":{"line":251,"column":null}}]},"60":{"loc":{"start":{"line":241,"column":17},"end":{"line":251,"column":null}},"type":"if","locations":[{"start":{"line":241,"column":17},"end":{"line":251,"column":null}},{"start":{"line":243,"column":17},"end":{"line":251,"column":null}}]},"61":{"loc":{"start":{"line":246,"column":12},"end":{"line":250,"column":null}},"type":"if","locations":[{"start":{"line":246,"column":12},"end":{"line":250,"column":null}},{"start":{"line":248,"column":19},"end":{"line":250,"column":null}}]},"62":{"loc":{"start":{"line":246,"column":16},"end":{"line":246,"column":69}},"type":"binary-expr","locations":[{"start":{"line":246,"column":16},"end":{"line":246,"column":40}},{"start":{"line":246,"column":44},"end":{"line":246,"column":69}}]},"63":{"loc":{"start":{"line":253,"column":24},"end":{"line":253,"column":71}},"type":"cond-expr","locations":[{"start":{"line":253,"column":66},"end":{"line":253,"column":67}},{"start":{"line":253,"column":70},"end":{"line":253,"column":71}}]},"64":{"loc":{"start":{"line":253,"column":24},"end":{"line":253,"column":63}},"type":"binary-expr","locations":[{"start":{"line":253,"column":24},"end":{"line":253,"column":34}},{"start":{"line":253,"column":38},"end":{"line":253,"column":48}},{"start":{"line":253,"column":52},"end":{"line":253,"column":63}}]},"65":{"loc":{"start":{"line":260,"column":25},"end":{"line":266,"column":12}},"type":"cond-expr","locations":[{"start":{"line":261,"column":10},"end":{"line":265,"column":null}},{"start":{"line":266,"column":10},"end":{"line":266,"column":12}}]},"66":{"loc":{"start":{"line":262,"column":12},"end":{"line":262,"column":null}},"type":"if","locations":[{"start":{"line":262,"column":12},"end":{"line":262,"column":null}},{"start":{},"end":{}}]},"67":{"loc":{"start":{"line":262,"column":16},"end":{"line":262,"column":47}},"type":"binary-expr","locations":[{"start":{"line":262,"column":16},"end":{"line":262,"column":20}},{"start":{"line":262,"column":24},"end":{"line":262,"column":47}}]},"68":{"loc":{"start":{"line":263,"column":27},"end":{"line":263,"column":71}},"type":"cond-expr","locations":[{"start":{"line":263,"column":50},"end":{"line":263,"column":58}},{"start":{"line":263,"column":61},"end":{"line":263,"column":71}}]},"69":{"loc":{"start":{"line":272,"column":6},"end":{"line":274,"column":null}},"type":"if","locations":[{"start":{"line":272,"column":6},"end":{"line":274,"column":null}},{"start":{},"end":{}}]},"70":{"loc":{"start":{"line":289,"column":26},"end":{"line":289,"column":38}},"type":"default-arg","locations":[{"start":{"line":289,"column":34},"end":{"line":289,"column":38}}]},"71":{"loc":{"start":{"line":294,"column":24},"end":{"line":294,"column":45}},"type":"binary-expr","locations":[{"start":{"line":294,"column":24},"end":{"line":294,"column":39}},{"start":{"line":294,"column":43},"end":{"line":294,"column":45}}]},"72":{"loc":{"start":{"line":295,"column":37},"end":{"line":295,"column":53}},"type":"binary-expr","locations":[{"start":{"line":295,"column":37},"end":{"line":295,"column":47}},{"start":{"line":295,"column":51},"end":{"line":295,"column":53}}]},"73":{"loc":{"start":{"line":295,"column":62},"end":{"line":295,"column":84}},"type":"binary-expr","locations":[{"start":{"line":295,"column":62},"end":{"line":295,"column":78}},{"start":{"line":295,"column":82},"end":{"line":295,"column":84}}]},"74":{"loc":{"start":{"line":297,"column":6},"end":{"line":301,"column":null}},"type":"if","locations":[{"start":{"line":297,"column":6},"end":{"line":301,"column":null}},{"start":{"line":299,"column":13},"end":{"line":301,"column":null}}]},"75":{"loc":{"start":{"line":297,"column":10},"end":{"line":297,"column":82}},"type":"binary-expr","locations":[{"start":{"line":297,"column":10},"end":{"line":297,"column":24}},{"start":{"line":297,"column":28},"end":{"line":297,"column":43}},{"start":{"line":297,"column":47},"end":{"line":297,"column":62}},{"start":{"line":297,"column":66},"end":{"line":297,"column":82}}]},"76":{"loc":{"start":{"line":306,"column":6},"end":{"line":330,"column":null}},"type":"if","locations":[{"start":{"line":306,"column":6},"end":{"line":330,"column":null}},{"start":{},"end":{}}]},"77":{"loc":{"start":{"line":308,"column":20},"end":{"line":322,"column":13}},"type":"cond-expr","locations":[{"start":{"line":309,"column":12},"end":{"line":309,"column":null}},{"start":{"line":310,"column":12},"end":{"line":322,"column":13}}]},"78":{"loc":{"start":{"line":323,"column":25},"end":{"line":323,"column":45}},"type":"binary-expr","locations":[{"start":{"line":323,"column":25},"end":{"line":323,"column":39}},{"start":{"line":323,"column":43},"end":{"line":323,"column":45}}]},"79":{"loc":{"start":{"line":324,"column":29},"end":{"line":324,"column":95}},"type":"binary-expr","locations":[{"start":{"line":324,"column":29},"end":{"line":324,"column":48}},{"start":{"line":324,"column":52},"end":{"line":324,"column":95}}]},"80":{"loc":{"start":{"line":326,"column":15},"end":{"line":326,"column":78}},"type":"binary-expr","locations":[{"start":{"line":326,"column":15},"end":{"line":326,"column":31}},{"start":{"line":326,"column":35},"end":{"line":326,"column":50}},{"start":{"line":326,"column":54},"end":{"line":326,"column":78}}]},"81":{"loc":{"start":{"line":327,"column":15},"end":{"line":327,"column":78}},"type":"binary-expr","locations":[{"start":{"line":327,"column":15},"end":{"line":327,"column":31}},{"start":{"line":327,"column":35},"end":{"line":327,"column":50}},{"start":{"line":327,"column":54},"end":{"line":327,"column":78}}]},"82":{"loc":{"start":{"line":328,"column":20},"end":{"line":328,"column":65}},"type":"binary-expr","locations":[{"start":{"line":328,"column":20},"end":{"line":328,"column":41}},{"start":{"line":328,"column":45},"end":{"line":328,"column":65}}]},"83":{"loc":{"start":{"line":347,"column":6},"end":{"line":347,"column":null}},"type":"if","locations":[{"start":{"line":347,"column":6},"end":{"line":347,"column":null}},{"start":{},"end":{}}]},"84":{"loc":{"start":{"line":353,"column":6},"end":{"line":353,"column":null}},"type":"if","locations":[{"start":{"line":353,"column":6},"end":{"line":353,"column":null}},{"start":{},"end":{}}]},"85":{"loc":{"start":{"line":356,"column":23},"end":{"line":356,"column":45}},"type":"binary-expr","locations":[{"start":{"line":356,"column":23},"end":{"line":356,"column":39}},{"start":{"line":356,"column":43},"end":{"line":356,"column":45}}]},"86":{"loc":{"start":{"line":358,"column":28},"end":{"line":358,"column":94}},"type":"binary-expr","locations":[{"start":{"line":358,"column":28},"end":{"line":358,"column":47}},{"start":{"line":358,"column":51},"end":{"line":358,"column":94}}]},"87":{"loc":{"start":{"line":363,"column":6},"end":{"line":363,"column":null}},"type":"if","locations":[{"start":{"line":363,"column":6},"end":{"line":363,"column":null}},{"start":{},"end":{}}]},"88":{"loc":{"start":{"line":365,"column":6},"end":{"line":367,"column":null}},"type":"if","locations":[{"start":{"line":365,"column":6},"end":{"line":367,"column":null}},{"start":{},"end":{}}]},"89":{"loc":{"start":{"line":368,"column":6},"end":{"line":370,"column":null}},"type":"if","locations":[{"start":{"line":368,"column":6},"end":{"line":370,"column":null}},{"start":{},"end":{}}]},"90":{"loc":{"start":{"line":371,"column":23},"end":{"line":371,"column":43}},"type":"binary-expr","locations":[{"start":{"line":371,"column":23},"end":{"line":371,"column":37}},{"start":{"line":371,"column":41},"end":{"line":371,"column":43}}]},"91":{"loc":{"start":{"line":372,"column":28},"end":{"line":372,"column":94}},"type":"binary-expr","locations":[{"start":{"line":372,"column":28},"end":{"line":372,"column":47}},{"start":{"line":372,"column":51},"end":{"line":372,"column":94}}]},"92":{"loc":{"start":{"line":377,"column":6},"end":{"line":377,"column":null}},"type":"if","locations":[{"start":{"line":377,"column":6},"end":{"line":377,"column":null}},{"start":{},"end":{}}]},"93":{"loc":{"start":{"line":383,"column":6},"end":{"line":383,"column":null}},"type":"if","locations":[{"start":{"line":383,"column":6},"end":{"line":383,"column":null}},{"start":{},"end":{}}]},"94":{"loc":{"start":{"line":385,"column":19},"end":{"line":385,"column":43}},"type":"binary-expr","locations":[{"start":{"line":385,"column":19},"end":{"line":385,"column":37}},{"start":{"line":385,"column":41},"end":{"line":385,"column":43}}]},"95":{"loc":{"start":{"line":386,"column":6},"end":{"line":386,"column":null}},"type":"if","locations":[{"start":{"line":386,"column":6},"end":{"line":386,"column":null}},{"start":{},"end":{}}]},"96":{"loc":{"start":{"line":387,"column":6},"end":{"line":387,"column":null}},"type":"if","locations":[{"start":{"line":387,"column":6},"end":{"line":387,"column":null}},{"start":{},"end":{}}]},"97":{"loc":{"start":{"line":392,"column":6},"end":{"line":395,"column":null}},"type":"if","locations":[{"start":{"line":392,"column":6},"end":{"line":395,"column":null}},{"start":{},"end":{}}]},"98":{"loc":{"start":{"line":392,"column":10},"end":{"line":392,"column":51}},"type":"binary-expr","locations":[{"start":{"line":392,"column":10},"end":{"line":392,"column":19}},{"start":{"line":392,"column":23},"end":{"line":392,"column":51}}]},"99":{"loc":{"start":{"line":398,"column":8},"end":{"line":401,"column":null}},"type":"if","locations":[{"start":{"line":398,"column":8},"end":{"line":401,"column":null}},{"start":{},"end":{}}]},"100":{"loc":{"start":{"line":398,"column":12},"end":{"line":398,"column":47}},"type":"binary-expr","locations":[{"start":{"line":398,"column":12},"end":{"line":398,"column":18}},{"start":{"line":398,"column":22},"end":{"line":398,"column":47}}]},"101":{"loc":{"start":{"line":406,"column":16},"end":{"line":406,"column":87}},"type":"cond-expr","locations":[{"start":{"line":406,"column":63},"end":{"line":406,"column":80}},{"start":{"line":406,"column":83},"end":{"line":406,"column":87}}]},"102":{"loc":{"start":{"line":406,"column":16},"end":{"line":406,"column":60}},"type":"binary-expr","locations":[{"start":{"line":406,"column":16},"end":{"line":406,"column":26}},{"start":{"line":406,"column":30},"end":{"line":406,"column":60}}]},"103":{"loc":{"start":{"line":410,"column":34},"end":{"line":410,"column":61}},"type":"binary-expr","locations":[{"start":{"line":410,"column":34},"end":{"line":410,"column":55}},{"start":{"line":410,"column":59},"end":{"line":410,"column":61}}]},"104":{"loc":{"start":{"line":411,"column":34},"end":{"line":411,"column":61}},"type":"binary-expr","locations":[{"start":{"line":411,"column":34},"end":{"line":411,"column":55}},{"start":{"line":411,"column":59},"end":{"line":411,"column":61}}]},"105":{"loc":{"start":{"line":412,"column":35},"end":{"line":412,"column":63}},"type":"binary-expr","locations":[{"start":{"line":412,"column":35},"end":{"line":412,"column":57}},{"start":{"line":412,"column":61},"end":{"line":412,"column":63}}]},"106":{"loc":{"start":{"line":413,"column":37},"end":{"line":413,"column":67}},"type":"binary-expr","locations":[{"start":{"line":413,"column":37},"end":{"line":413,"column":61}},{"start":{"line":413,"column":65},"end":{"line":413,"column":67}}]},"107":{"loc":{"start":{"line":420,"column":6},"end":{"line":420,"column":null}},"type":"if","locations":[{"start":{"line":420,"column":6},"end":{"line":420,"column":null}},{"start":{},"end":{}}]},"108":{"loc":{"start":{"line":423,"column":6},"end":{"line":437,"column":null}},"type":"if","locations":[{"start":{"line":423,"column":6},"end":{"line":437,"column":null}},{"start":{},"end":{}}]},"109":{"loc":{"start":{"line":438,"column":6},"end":{"line":445,"column":null}},"type":"if","locations":[{"start":{"line":438,"column":6},"end":{"line":445,"column":null}},{"start":{"line":440,"column":13},"end":{"line":445,"column":null}}]},"110":{"loc":{"start":{"line":452,"column":6},"end":{"line":458,"column":null}},"type":"if","locations":[{"start":{"line":452,"column":6},"end":{"line":458,"column":null}},{"start":{"line":454,"column":13},"end":{"line":458,"column":null}}]},"111":{"loc":{"start":{"line":452,"column":10},"end":{"line":452,"column":53}},"type":"binary-expr","locations":[{"start":{"line":452,"column":10},"end":{"line":452,"column":23}},{"start":{"line":452,"column":27},"end":{"line":452,"column":53}}]},"112":{"loc":{"start":{"line":454,"column":13},"end":{"line":458,"column":null}},"type":"if","locations":[{"start":{"line":454,"column":13},"end":{"line":458,"column":null}},{"start":{"line":456,"column":13},"end":{"line":458,"column":null}}]},"113":{"loc":{"start":{"line":454,"column":17},"end":{"line":454,"column":52}},"type":"binary-expr","locations":[{"start":{"line":454,"column":17},"end":{"line":454,"column":29}},{"start":{"line":454,"column":33},"end":{"line":454,"column":52}}]},"114":{"loc":{"start":{"line":456,"column":13},"end":{"line":458,"column":null}},"type":"if","locations":[{"start":{"line":456,"column":13},"end":{"line":458,"column":null}},{"start":{},"end":{}}]},"115":{"loc":{"start":{"line":456,"column":17},"end":{"line":456,"column":67}},"type":"binary-expr","locations":[{"start":{"line":456,"column":17},"end":{"line":456,"column":44}},{"start":{"line":456,"column":48},"end":{"line":456,"column":67}}]},"116":{"loc":{"start":{"line":464,"column":6},"end":{"line":467,"column":null}},"type":"if","locations":[{"start":{"line":464,"column":6},"end":{"line":467,"column":null}},{"start":{},"end":{}}]},"117":{"loc":{"start":{"line":464,"column":10},"end":{"line":464,"column":55}},"type":"binary-expr","locations":[{"start":{"line":464,"column":10},"end":{"line":464,"column":24}},{"start":{"line":464,"column":28},"end":{"line":464,"column":55}}]},"118":{"loc":{"start":{"line":475,"column":6},"end":{"line":475,"column":null}},"type":"if","locations":[{"start":{"line":475,"column":6},"end":{"line":475,"column":null}},{"start":{},"end":{}}]},"119":{"loc":{"start":{"line":475,"column":10},"end":{"line":475,"column":25}},"type":"binary-expr","locations":[{"start":{"line":475,"column":10},"end":{"line":475,"column":17}},{"start":{"line":475,"column":21},"end":{"line":475,"column":25}}]}},"s":{"0":3,"1":3,"2":3,"3":3,"4":3,"5":95,"6":1,"7":94,"8":1,"9":93,"10":0,"11":93,"12":4,"13":4,"14":4,"15":89,"16":3,"17":86,"18":0,"19":0,"20":0,"21":0,"22":0,"23":0,"24":0,"25":0,"26":0,"27":0,"28":0,"29":0,"30":0,"31":0,"32":0,"33":17,"34":17,"35":2,"36":17,"37":17,"38":36,"39":36,"40":36,"41":36,"42":36,"43":3,"44":104,"45":143,"46":143,"47":143,"48":143,"49":0,"50":0,"51":143,"52":2,"53":6,"54":143,"55":1,"56":3,"57":143,"58":1,"59":3,"60":143,"61":5,"62":11,"63":143,"64":143,"65":0,"66":0,"67":0,"68":0,"69":0,"70":0,"71":0,"72":143,"73":0,"74":0,"75":0,"76":0,"77":0,"78":0,"79":0,"80":143,"81":95,"82":143,"83":86,"84":86,"85":86,"86":86,"87":86,"88":86,"89":86,"90":86,"91":44,"92":44,"93":44,"94":85,"95":85,"96":78,"97":78,"98":85,"99":85,"100":85,"101":78,"102":78,"103":85,"104":47,"105":123,"106":152,"107":152,"108":152,"109":125,"110":154,"111":154,"112":154,"113":154,"114":154,"115":154,"116":154,"117":154,"118":154,"119":154,"120":1,"121":1,"122":0,"123":0,"124":0,"125":0,"126":0,"127":0,"128":0,"129":0,"130":0,"131":154,"132":89,"133":153,"134":0,"135":153,"136":153,"137":89,"138":89,"139":2,"140":2,"141":1,"142":1,"143":1,"144":1,"145":1,"146":42,"147":15,"148":15,"149":15,"150":15,"151":15,"152":15,"153":14,"154":1,"155":15,"156":15,"157":15,"158":15,"159":15,"160":15,"161":15,"162":15,"163":1,"164":1,"165":1,"166":1,"167":2,"168":2,"169":1,"170":1,"171":1,"172":0,"173":1,"174":1,"175":3,"176":0,"177":3,"178":3,"179":3,"180":3,"181":3,"182":3,"183":1,"184":0,"185":1,"186":1,"187":1,"188":1,"189":1,"190":1,"191":1,"192":1,"193":2,"194":0,"195":2,"196":2,"197":4,"198":1,"199":3,"200":3,"201":3,"202":2,"203":1,"204":1,"205":0,"206":43,"207":2,"208":2,"209":41,"210":41,"211":1,"212":0,"213":0,"214":1,"215":41,"216":3,"217":0,"218":3,"219":3,"220":3,"221":2,"222":3,"223":2,"224":1,"225":1,"226":1,"227":1,"228":3,"229":4,"230":4,"231":4,"232":2,"233":2,"234":1,"235":1,"236":1,"237":2,"238":2,"239":2,"240":1,"241":1,"242":4,"243":4,"244":2,"245":2,"246":2,"247":1,"248":1},"f":{"0":95,"1":0,"2":0,"3":0,"4":17,"5":2,"6":36,"7":104,"8":143,"9":0,"10":6,"11":3,"12":3,"13":11,"14":0,"15":0,"16":95,"17":86,"18":44,"19":85,"20":85,"21":47,"22":123,"23":152,"24":125,"25":154,"26":89,"27":153,"28":2,"29":1,"30":42,"31":15,"32":1,"33":2,"34":1,"35":1,"36":3,"37":1,"38":2,"39":4,"40":43,"41":3,"42":4,"43":2,"44":4,"45":4,"46":1},"b":{"0":[1,94],"1":[95,2],"2":[1,93],"3":[0,93],"4":[4,89],"5":[4,0],"6":[4,0],"7":[3,86],"8":[0,0],"9":[0,0],"10":[0,0],"11":[0,0],"12":[0,0],"13":[0,0],"14":[17,0],"15":[17,0],"16":[36,0,0],"17":[0,143],"18":[2,141],"19":[1,142],"20":[1,142],"21":[5,138],"22":[11,7],"23":[11,0],"24":[7,5],"25":[0,143],"26":[0,0],"27":[0,0],"28":[0,0],"29":[0,143],"30":[0,0],"31":[0,0],"32":[0,0],"33":[0,0],"34":[86,0],"35":[86,46],"36":[86,47],"37":[86,46],"38":[86,84],"39":[86,85],"40":[1,85],"41":[44,0],"42":[1,43],"43":[1,43],"44":[85,0],"45":[78,0],"46":[85,0],"47":[78,0],"48":[47,46,45,44],"49":[152,1],"50":[154,150],"51":[154,1],"52":[154,1],"53":[154,153],"54":[154,154],"55":[154,154],"56":[154,154],"57":[1,153],"58":[1,0],"59":[0,0],"60":[0,0],"61":[0,0],"62":[0,0],"63":[3,151],"64":[154,153,152],"65":[86,3],"66":[0,153],"67":[153,153],"68":[1,152],"69":[2,0],"70":[0],"71":[15,0],"72":[15,14],"73":[15,15],"74":[14,1],"75":[15,15,1,1],"76":[15,0],"77":[1,14],"78":[15,0],"79":[15,15],"80":[15,15,14],"81":[15,15,15],"82":[15,15],"83":[0,1],"84":[0,3],"85":[3,3],"86":[3,0],"87":[0,1],"88":[1,0],"89":[1,0],"90":[1,0],"91":[1,0],"92":[0,2],"93":[1,3],"94":[3,0],"95":[2,1],"96":[1,0],"97":[2,41],"98":[43,41],"99":[0,1],"100":[1,1],"101":[1,0],"102":[1,1],"103":[1,1],"104":[1,1],"105":[1,1],"106":[1,1],"107":[0,3],"108":[2,1],"109":[2,1],"110":[2,2],"111":[4,3],"112":[1,1],"113":[2,1],"114":[1,0],"115":[1,1],"116":[1,1],"117":[2,2],"118":[2,2],"119":[4,3]}}
}
